106.07.09 22:09 A c:\bridge\public_html\news\060708\060708.htm --> par.cse.nsysu.edu.tw /usr/home/kbc/public_html/news/060708 060708.htm
106.07.09 22:09 A c:\bridge\public_html\news\060708\dscn7632.html --> par.cse.nsysu.edu.tw /usr/home/kbc/public_html/news/060708 dscn7632.html
106.07.09 22:09 B c:\bridge\public_html\news\060708\dscn7632_t.jpg --> par.cse.nsysu.edu.tw /usr/home/kbc/public_html/news/060708 dscn7632_t.jpg
106.07.09 22:09 A c:\bridge\public_html\news\060708\dscn7633.html --> par.cse.nsysu.edu.tw /usr/home/kbc/public_html/news/060708 dscn7633.html
106.07.09 22:09 B c:\bridge\public_html\news\060708\dscn7633_t.jpg --> par.cse.nsysu.edu.tw /usr/home/kbc/public_html/news/060708 dscn7633_t.jpg
106.07.09 22:09 A c:\bridge\public_html\news\060708\dscn7634.html --> par.cse.nsysu.edu.tw /usr/home/kbc/public_html/news/060708 dscn7634.html
106.07.09 22:09 B c:\bridge\public_html\news\060708\dscn7634_t.jpg --> par.cse.nsysu.edu.tw /usr/home/kbc/public_html/news/060708 dscn7634_t.jpg
106.07.09 22:09 A c:\bridge\public_html\news\060708\dscn7635.html --> par.cse.nsysu.edu.tw /usr/home/kbc/public_html/news/060708 dscn7635.html
106.07.09 22:09 B c:\bridge\public_html\news\060708\dscn7635_t.jpg --> par.cse.nsysu.edu.tw /usr/home/kbc/public_html/news/060708 dscn7635_t.jpg
106.07.09 22:09 A c:\bridge\public_html\news\060708\dscn7636.html --> par.cse.nsysu.edu.tw /usr/home/kbc/public_html/news/060708 dscn7636.html
106.07.09 22:09 B c:\bridge\public_html\news\060708\dscn7636_t.jpg --> par.cse.nsysu.edu.tw /usr/home/kbc/public_html/news/060708 dscn7636_t.jpg
106.07.09 22:09 A c:\bridge\public_html\news\060708\dscn7637.html --> par.cse.nsysu.edu.tw /usr/home/kbc/public_html/news/060708 dscn7637.html
106.07.09 22:09 B c:\bridge\public_html\news\060708\dscn7637_t.jpg --> par.cse.nsysu.edu.tw /usr/home/kbc/public_html/news/060708 dscn7637_t.jpg
106.07.09 22:09 A c:\bridge\public_html\news\060708\dscn7638.html --> par.cse.nsysu.edu.tw /usr/home/kbc/public_html/news/060708 dscn7638.html
106.07.09 22:09 B c:\bridge\public_html\news\060708\dscn7638_t.jpg --> par.cse.nsysu.edu.tw /usr/home/kbc/public_html/news/060708 dscn7638_t.jpg
106.07.09 22:09 A c:\bridge\public_html\news\060708\dscn7639.html --> par.cse.nsysu.edu.tw /usr/home/kbc/public_html/news/060708 dscn7639.html
106.07.09 22:09 B c:\bridge\public_html\news\060708\dscn7639_t.jpg --> par.cse.nsysu.edu.tw /usr/home/kbc/public_html/news/060708 dscn7639_t.jpg
106.07.09 22:09 A c:\bridge\public_html\news\060708\dscn7640.html --> par.cse.nsysu.edu.tw /usr/home/kbc/public_html/news/060708 dscn7640.html
106.07.09 22:09 B c:\bridge\public_html\news\060708\dscn7640_t.jpg --> par.cse.nsysu.edu.tw /usr/home/kbc/public_html/news/060708 dscn7640_t.jpg
106.07.09 22:09 A c:\bridge\public_html\news\060708\dscn7641.html --> par.cse.nsysu.edu.tw /usr/home/kbc/public_html/news/060708 dscn7641.html
106.07.09 22:09 B c:\bridge\public_html\news\060708\dscn7641_t.jpg --> par.cse.nsysu.edu.tw /usr/home/kbc/public_html/news/060708 dscn7641_t.jpg
106.07.09 22:09 A c:\bridge\public_html\news\060708\dscn7642.html --> par.cse.nsysu.edu.tw /usr/home/kbc/public_html/news/060708 dscn7642.html
106.07.09 22:09 B c:\bridge\public_html\news\060708\dscn7642_t.jpg --> par.cse.nsysu.edu.tw /usr/home/kbc/public_html/news/060708 dscn7642_t.jpg
106.07.09 22:09 A c:\bridge\public_html\news\060708\dscn7643.html --> par.cse.nsysu.edu.tw /usr/home/kbc/public_html/news/060708 dscn7643.html
106.07.09 22:09 B c:\bridge\public_html\news\060708\dscn7643_t.jpg --> par.cse.nsysu.edu.tw /usr/home/kbc/public_html/news/060708 dscn7643_t.jpg
106.07.09 22:09 A c:\bridge\public_html\news\060708\dscn7644.html --> par.cse.nsysu.edu.tw /usr/home/kbc/public_html/news/060708 dscn7644.html
106.07.09 22:09 B c:\bridge\public_html\news\060708\dscn7644_t.jpg --> par.cse.nsysu.edu.tw /usr/home/kbc/public_html/news/060708 dscn7644_t.jpg
106.07.09 22:09 A c:\bridge\public_html\news\060708\dscn7645.html --> par.cse.nsysu.edu.tw /usr/home/kbc/public_html/news/060708 dscn7645.html
106.07.09 22:09 B c:\bridge\public_html\news\060708\dscn7645_t.jpg --> par.cse.nsysu.edu.tw /usr/home/kbc/public_html/news/060708 dscn7645_t.jpg
106.07.09 22:09 A c:\bridge\public_html\news\060708\dscn7646.html --> par.cse.nsysu.edu.tw /usr/home/kbc/public_html/news/060708 dscn7646.html
106.07.09 22:09 B c:\bridge\public_html\news\060708\dscn7646_t.jpg --> par.cse.nsysu.edu.tw /usr/home/kbc/public_html/news/060708 dscn7646_t.jpg
106.07.09 22:09 A c:\bridge\public_html\news\060708\dscn7647.html --> par.cse.nsysu.edu.tw /usr/home/kbc/public_html/news/060708 dscn7647.html
106.07.09 22:09 B c:\bridge\public_html\news\060708\dscn7647_t.jpg --> par.cse.nsysu.edu.tw /usr/home/kbc/public_html/news/060708 dscn7647_t.jpg
106.07.09 22:09 A c:\bridge\public_html\news\060708\dscn7648.html --> par.cse.nsysu.edu.tw /usr/home/kbc/public_html/news/060708 dscn7648.html
106.07.09 22:09 B c:\bridge\public_html\news\060708\dscn7648_t.jpg --> par.cse.nsysu.edu.tw /usr/home/kbc/public_html/news/060708 dscn7648_t.jpg
106.07.09 22:09 A c:\bridge\public_html\news\060708\dscn7649.html --> par.cse.nsysu.edu.tw /usr/home/kbc/public_html/news/060708 dscn7649.html
106.07.09 22:09 B c:\bridge\public_html\news\060708\dscn7649_t.jpg --> par.cse.nsysu.edu.tw /usr/home/kbc/public_html/news/060708 dscn7649_t.jpg
106.07.09 22:09 A c:\bridge\public_html\news\060708\dscn7650.html --> par.cse.nsysu.edu.tw /usr/home/kbc/public_html/news/060708 dscn7650.html
106.07.09 22:09 B c:\bridge\public_html\news\060708\dscn7650_t.jpg --> par.cse.nsysu.edu.tw /usr/home/kbc/public_html/news/060708 dscn7650_t.jpg
106.07.09 22:09 A c:\bridge\public_html\news\060708\dscn7651.html --> par.cse.nsysu.edu.tw /usr/home/kbc/public_html/news/060708 dscn7651.html
106.07.09 22:09 B c:\bridge\public_html\news\060708\dscn7651_t.jpg --> par.cse.nsysu.edu.tw /usr/home/kbc/public_html/news/060708 dscn7651_t.jpg
106.07.09 22:11 B c:\bridge\public_html\news\060708\dscn7632.jpg --> par.cse.nsysu.edu.tw /usr/home/kbc/public_html/news/060708 dscn7632.jpg
106.07.09 22:11 B c:\bridge\public_html\news\060708\dscn7633.jpg --> par.cse.nsysu.edu.tw /usr/home/kbc/public_html/news/060708 dscn7633.jpg
106.07.09 22:11 B c:\bridge\public_html\news\060708\dscn7634.jpg --> par.cse.nsysu.edu.tw /usr/home/kbc/public_html/news/060708 dscn7634.jpg
106.07.09 22:11 B c:\bridge\public_html\news\060708\dscn7635.jpg --> par.cse.nsysu.edu.tw /usr/home/kbc/public_html/news/060708 dscn7635.jpg
106.07.09 22:11 B c:\bridge\public_html\news\060708\dscn7636.jpg --> par.cse.nsysu.edu.tw /usr/home/kbc/public_html/news/060708 dscn7636.jpg
106.07.09 22:11 B c:\bridge\public_html\news\060708\dscn7637.jpg --> par.cse.nsysu.edu.tw /usr/home/kbc/public_html/news/060708 dscn7637.jpg
106.07.09 22:11 B c:\bridge\public_html\news\060708\dscn7638.jpg --> par.cse.nsysu.edu.tw /usr/home/kbc/public_html/news/060708 dscn7638.jpg
106.07.09 22:11 B c:\bridge\public_html\news\060708\dscn7639.jpg --> par.cse.nsysu.edu.tw /usr/home/kbc/public_html/news/060708 dscn7639.jpg
106.07.09 22:11 B c:\bridge\public_html\news\060708\dscn7640.jpg --> par.cse.nsysu.edu.tw /usr/home/kbc/public_html/news/060708 dscn7640.jpg
106.07.09 22:11 B c:\bridge\public_html\news\060708\dscn7641.jpg --> par.cse.nsysu.edu.tw /usr/home/kbc/public_html/news/060708 dscn7641.jpg
106.07.09 22:11 B c:\bridge\public_html\news\060708\dscn7642.jpg --> par.cse.nsysu.edu.tw /usr/home/kbc/public_html/news/060708 dscn7642.jpg
106.07.09 22:11 B c:\bridge\public_html\news\060708\dscn7643.jpg --> par.cse.nsysu.edu.tw /usr/home/kbc/public_html/news/060708 dscn7643.jpg
106.07.09 22:11 B c:\bridge\public_html\news\060708\dscn7644.jpg --> par.cse.nsysu.edu.tw /usr/home/kbc/public_html/news/060708 dscn7644.jpg
106.07.09 22:11 B c:\bridge\public_html\news\060708\dscn7645.jpg --> par.cse.nsysu.edu.tw /usr/home/kbc/public_html/news/060708 dscn7645.jpg
106.07.09 22:11 B c:\bridge\public_html\news\060708\dscn7646.jpg --> par.cse.nsysu.edu.tw /usr/home/kbc/public_html/news/060708 dscn7646.jpg
106.07.09 22:11 B c:\bridge\public_html\news\060708\dscn7647.jpg --> par.cse.nsysu.edu.tw /usr/home/kbc/public_html/news/060708 dscn7647.jpg
106.07.09 22:11 B c:\bridge\public_html\news\060708\dscn7648.jpg --> par.cse.nsysu.edu.tw /usr/home/kbc/public_html/news/060708 dscn7648.jpg
106.07.09 22:11 B c:\bridge\public_html\news\060708\dscn7649.jpg --> par.cse.nsysu.edu.tw /usr/home/kbc/public_html/news/060708 dscn7649.jpg
106.07.09 22:11 B c:\bridge\public_html\news\060708\dscn7650.jpg --> par.cse.nsysu.edu.tw /usr/home/kbc/public_html/news/060708 dscn7650.jpg
106.07.09 22:11 B c:\bridge\public_html\news\060708\dscn7651.jpg --> par.cse.nsysu.edu.tw /usr/home/kbc/public_html/news/060708 dscn7651.jpg
106.07.09 22:11 B c:\bridge\public_html\news\060708\ws_ftp.log --> par.cse.nsysu.edu.tw /usr/home/kbc/public_html/news/060708 ws_ftp.log
106.07.09 22:12 A c:\bridge\public_html\news\060708\060708.htm --> par.cse.nsysu.edu.tw /usr/home/kbc/public_html/news/060708 060708.htm
106.07.09 22:12 A c:\bridge\public_html\news\060708\DSCN7632.html --> par.cse.nsysu.edu.tw /usr/home/kbc/public_html/news/060708 DSCN7632.html
106.07.09 22:12 B c:\bridge\public_html\news\060708\DSCN7632.JPG --> par.cse.nsysu.edu.tw /usr/home/kbc/public_html/news/060708 DSCN7632.JPG
106.07.09 22:12 B c:\bridge\public_html\news\060708\DSCN7632_t.jpg --> par.cse.nsysu.edu.tw /usr/home/kbc/public_html/news/060708 DSCN7632_t.jpg
106.07.09 22:12 A c:\bridge\public_html\news\060708\DSCN7633.html --> par.cse.nsysu.edu.tw /usr/home/kbc/public_html/news/060708 DSCN7633.html
106.07.09 22:12 B c:\bridge\public_html\news\060708\DSCN7633.JPG --> par.cse.nsysu.edu.tw /usr/home/kbc/public_html/news/060708 DSCN7633.JPG
106.07.09 22:12 B c:\bridge\public_html\news\060708\DSCN7633_t.jpg --> par.cse.nsysu.edu.tw /usr/home/kbc/public_html/news/060708 DSCN7633_t.jpg
106.07.09 22:12 A c:\bridge\public_html\news\060708\DSCN7634.html --> par.cse.nsysu.edu.tw /usr/home/kbc/public_html/news/060708 DSCN7634.html
106.07.09 22:12 B c:\bridge\public_html\news\060708\DSCN7634.JPG --> par.cse.nsysu.edu.tw /usr/home/kbc/public_html/news/060708 DSCN7634.JPG
106.07.09 22:12 B c:\bridge\public_html\news\060708\DSCN7634_t.jpg --> par.cse.nsysu.edu.tw /usr/home/kbc/public_html/news/060708 DSCN7634_t.jpg
106.07.09 22:12 A c:\bridge\public_html\news\060708\DSCN7635.html --> par.cse.nsysu.edu.tw /usr/home/kbc/public_html/news/060708 DSCN7635.html
106.07.09 22:12 B c:\bridge\public_html\news\060708\DSCN7635.JPG --> par.cse.nsysu.edu.tw /usr/home/kbc/public_html/news/060708 DSCN7635.JPG
106.07.09 22:12 B c:\bridge\public_html\news\060708\DSCN7635_t.jpg --> par.cse.nsysu.edu.tw /usr/home/kbc/public_html/news/060708 DSCN7635_t.jpg
106.07.09 22:12 A c:\bridge\public_html\news\060708\DSCN7636.html --> par.cse.nsysu.edu.tw /usr/home/kbc/public_html/news/060708 DSCN7636.html
106.07.09 22:12 B c:\bridge\public_html\news\060708\DSCN7636.JPG --> par.cse.nsysu.edu.tw /usr/home/kbc/public_html/news/060708 DSCN7636.JPG
106.07.09 22:12 B c:\bridge\public_html\news\060708\DSCN7636_t.jpg --> par.cse.nsysu.edu.tw /usr/home/kbc/public_html/news/060708 DSCN7636_t.jpg
106.07.09 22:12 A c:\bridge\public_html\news\060708\DSCN7637.html --> par.cse.nsysu.edu.tw /usr/home/kbc/public_html/news/060708 DSCN7637.html
106.07.09 22:12 B c:\bridge\public_html\news\060708\DSCN7637.JPG --> par.cse.nsysu.edu.tw /usr/home/kbc/public_html/news/060708 DSCN7637.JPG
106.07.09 22:12 B c:\bridge\public_html\news\060708\DSCN7637_t.jpg --> par.cse.nsysu.edu.tw /usr/home/kbc/public_html/news/060708 DSCN7637_t.jpg
106.07.09 22:12 A c:\bridge\public_html\news\060708\DSCN7638.html --> par.cse.nsysu.edu.tw /usr/home/kbc/public_html/news/060708 DSCN7638.html
106.07.09 22:12 B c:\bridge\public_html\news\060708\DSCN7638.JPG --> par.cse.nsysu.edu.tw /usr/home/kbc/public_html/news/060708 DSCN7638.JPG
106.07.09 22:12 B c:\bridge\public_html\news\060708\DSCN7638_t.jpg --> par.cse.nsysu.edu.tw /usr/home/kbc/public_html/news/060708 DSCN7638_t.jpg
106.07.09 22:12 A c:\bridge\public_html\news\060708\DSCN7639.html --> par.cse.nsysu.edu.tw /usr/home/kbc/public_html/news/060708 DSCN7639.html
106.07.09 22:12 B c:\bridge\public_html\news\060708\DSCN7639.JPG --> par.cse.nsysu.edu.tw /usr/home/kbc/public_html/news/060708 DSCN7639.JPG
106.07.09 22:12 B c:\bridge\public_html\news\060708\DSCN7639_t.jpg --> par.cse.nsysu.edu.tw /usr/home/kbc/public_html/news/060708 DSCN7639_t.jpg
106.07.09 22:12 A c:\bridge\public_html\news\060708\DSCN7640.html --> par.cse.nsysu.edu.tw /usr/home/kbc/public_html/news/060708 DSCN7640.html
106.07.09 22:12 B c:\bridge\public_html\news\060708\DSCN7640.JPG --> par.cse.nsysu.edu.tw /usr/home/kbc/public_html/news/060708 DSCN7640.JPG
106.07.09 22:12 B c:\bridge\public_html\news\060708\DSCN7640_t.jpg --> par.cse.nsysu.edu.tw /usr/home/kbc/public_html/news/060708 DSCN7640_t.jpg
106.07.09 22:12 A c:\bridge\public_html\news\060708\DSCN7641.html --> par.cse.nsysu.edu.tw /usr/home/kbc/public_html/news/060708 DSCN7641.html
106.07.09 22:12 B c:\bridge\public_html\news\060708\DSCN7641.JPG --> par.cse.nsysu.edu.tw /usr/home/kbc/public_html/news/060708 DSCN7641.JPG
106.07.09 22:12 B c:\bridge\public_html\news\060708\DSCN7641_t.jpg --> par.cse.nsysu.edu.tw /usr/home/kbc/public_html/news/060708 DSCN7641_t.jpg
106.07.09 22:12 A c:\bridge\public_html\news\060708\DSCN7642.html --> par.cse.nsysu.edu.tw /usr/home/kbc/public_html/news/060708 DSCN7642.html
106.07.09 22:12 B c:\bridge\public_html\news\060708\DSCN7642.JPG --> par.cse.nsysu.edu.tw /usr/home/kbc/public_html/news/060708 DSCN7642.JPG
106.07.09 22:12 B c:\bridge\public_html\news\060708\DSCN7642_t.jpg --> par.cse.nsysu.edu.tw /usr/home/kbc/public_html/news/060708 DSCN7642_t.jpg
106.07.09 22:12 A c:\bridge\public_html\news\060708\DSCN7643.html --> par.cse.nsysu.edu.tw /usr/home/kbc/public_html/news/060708 DSCN7643.html
106.07.09 22:12 B c:\bridge\public_html\news\060708\DSCN7643.JPG --> par.cse.nsysu.edu.tw /usr/home/kbc/public_html/news/060708 DSCN7643.JPG
106.07.09 22:12 B c:\bridge\public_html\news\060708\DSCN7643_t.jpg --> par.cse.nsysu.edu.tw /usr/home/kbc/public_html/news/060708 DSCN7643_t.jpg
106.07.09 22:12 A c:\bridge\public_html\news\060708\DSCN7644.html --> par.cse.nsysu.edu.tw /usr/home/kbc/public_html/news/060708 DSCN7644.html
106.07.09 22:12 B c:\bridge\public_html\news\060708\DSCN7644.JPG --> par.cse.nsysu.edu.tw /usr/home/kbc/public_html/news/060708 DSCN7644.JPG
106.07.09 22:12 B c:\bridge\public_html\news\060708\DSCN7644_t.jpg --> par.cse.nsysu.edu.tw /usr/home/kbc/public_html/news/060708 DSCN7644_t.jpg
106.07.09 22:12 A c:\bridge\public_html\news\060708\DSCN7645.html --> par.cse.nsysu.edu.tw /usr/home/kbc/public_html/news/060708 DSCN7645.html
106.07.09 22:12 B c:\bridge\public_html\news\060708\DSCN7645.JPG --> par.cse.nsysu.edu.tw /usr/home/kbc/public_html/news/060708 DSCN7645.JPG
106.07.09 22:12 B c:\bridge\public_html\news\060708\DSCN7645_t.jpg --> par.cse.nsysu.edu.tw /usr/home/kbc/public_html/news/060708 DSCN7645_t.jpg
106.07.09 22:12 A c:\bridge\public_html\news\060708\DSCN7646.html --> par.cse.nsysu.edu.tw /usr/home/kbc/public_html/news/060708 DSCN7646.html
106.07.09 22:12 B c:\bridge\public_html\news\060708\DSCN7646.JPG --> par.cse.nsysu.edu.tw /usr/home/kbc/public_html/news/060708 DSCN7646.JPG
106.07.09 22:12 B c:\bridge\public_html\news\060708\DSCN7646_t.jpg --> par.cse.nsysu.edu.tw /usr/home/kbc/public_html/news/060708 DSCN7646_t.jpg
106.07.09 22:12 A c:\bridge\public_html\news\060708\DSCN7647.html --> par.cse.nsysu.edu.tw /usr/home/kbc/public_html/news/060708 DSCN7647.html
106.07.09 22:12 B c:\bridge\public_html\news\060708\DSCN7647.JPG --> par.cse.nsysu.edu.tw /usr/home/kbc/public_html/news/060708 DSCN7647.JPG
106.07.09 22:12 B c:\bridge\public_html\news\060708\DSCN7647_t.jpg --> par.cse.nsysu.edu.tw /usr/home/kbc/public_html/news/060708 DSCN7647_t.jpg
106.07.09 22:12 A c:\bridge\public_html\news\060708\DSCN7648.html --> par.cse.nsysu.edu.tw /usr/home/kbc/public_html/news/060708 DSCN7648.html
106.07.09 22:12 B c:\bridge\public_html\news\060708\DSCN7648.JPG --> par.cse.nsysu.edu.tw /usr/home/kbc/public_html/news/060708 DSCN7648.JPG
106.07.09 22:12 B c:\bridge\public_html\news\060708\DSCN7648_t.jpg --> par.cse.nsysu.edu.tw /usr/home/kbc/public_html/news/060708 DSCN7648_t.jpg
106.07.09 22:12 A c:\bridge\public_html\news\060708\DSCN7649.html --> par.cse.nsysu.edu.tw /usr/home/kbc/public_html/news/060708 DSCN7649.html
106.07.09 22:12 B c:\bridge\public_html\news\060708\DSCN7649.JPG --> par.cse.nsysu.edu.tw /usr/home/kbc/public_html/news/060708 DSCN7649.JPG
106.07.09 22:12 B c:\bridge\public_html\news\060708\DSCN7649_t.jpg --> par.cse.nsysu.edu.tw /usr/home/kbc/public_html/news/060708 DSCN7649_t.jpg
106.07.09 22:12 A c:\bridge\public_html\news\060708\DSCN7650.html --> par.cse.nsysu.edu.tw /usr/home/kbc/public_html/news/060708 DSCN7650.html
106.07.09 22:12 B c:\bridge\public_html\news\060708\DSCN7650.JPG --> par.cse.nsysu.edu.tw /usr/home/kbc/public_html/news/060708 DSCN7650.JPG
106.07.09 22:12 B c:\bridge\public_html\news\060708\DSCN7650_t.jpg --> par.cse.nsysu.edu.tw /usr/home/kbc/public_html/news/060708 DSCN7650_t.jpg
106.07.09 22:12 A c:\bridge\public_html\news\060708\DSCN7651.html --> par.cse.nsysu.edu.tw /usr/home/kbc/public_html/news/060708 DSCN7651.html
106.07.09 22:12 B c:\bridge\public_html\news\060708\DSCN7651.JPG --> par.cse.nsysu.edu.tw /usr/home/kbc/public_html/news/060708 DSCN7651.JPG
106.07.09 22:12 B c:\bridge\public_html\news\060708\DSCN7651_t.jpg --> par.cse.nsysu.edu.tw /usr/home/kbc/public_html/news/060708 DSCN7651_t.jpg
106.07.09 22:12 B c:\bridge\public_html\news\060708\WS_FTP.LOG --> par.cse.nsysu.edu.tw /usr/home/kbc/public_html/news/060708 WS_FTP.LOG
106.07.09 22:15 A c:\bridge\public_html\news\060708\060708.htm --> par.cse.nsysu.edu.tw /usr/home/kbc/public_html/news/060708 060708.htm
106.07.10 23:57 A c:\bridge\public_html\news\060708\060708.htm --> par.cse.nsysu.edu.tw /usr/home/kbc/public_html/news/060708 060708.htm
106.07.10 23:57 A c:\bridge\public_html\news\060708\DSCN7632.html --> par.cse.nsysu.edu.tw /usr/home/kbc/public_html/news/060708 DSCN7632.html
106.07.10 23:57 B c:\bridge\public_html\news\060708\DSCN7632_t.jpg --> par.cse.nsysu.edu.tw /usr/home/kbc/public_html/news/060708 DSCN7632_t.jpg
106.07.10 23:57 A c:\bridge\public_html\news\060708\DSCN7633.html --> par.cse.nsysu.edu.tw /usr/home/kbc/public_html/news/060708 DSCN7633.html
106.07.10 23:57 B c:\bridge\public_html\news\060708\DSCN7633_t.jpg --> par.cse.nsysu.edu.tw /usr/home/kbc/public_html/news/060708 DSCN7633_t.jpg
106.07.10 23:57 A c:\bridge\public_html\news\060708\DSCN7634.html --> par.cse.nsysu.edu.tw /usr/home/kbc/public_html/news/060708 DSCN7634.html
106.07.10 23:57 B c:\bridge\public_html\news\060708\DSCN7634_t.jpg --> par.cse.nsysu.edu.tw /usr/home/kbc/public_html/news/060708 DSCN7634_t.jpg
106.07.10 23:57 A c:\bridge\public_html\news\060708\DSCN7635.html --> par.cse.nsysu.edu.tw /usr/home/kbc/public_html/news/060708 DSCN7635.html
106.07.10 23:57 B c:\bridge\public_html\news\060708\DSCN7635_t.jpg --> par.cse.nsysu.edu.tw /usr/home/kbc/public_html/news/060708 DSCN7635_t.jpg
106.07.10 23:57 A c:\bridge\public_html\news\060708\DSCN7636.html --> par.cse.nsysu.edu.tw /usr/home/kbc/public_html/news/060708 DSCN7636.html
106.07.10 23:57 B c:\bridge\public_html\news\060708\DSCN7636_t.jpg --> par.cse.nsysu.edu.tw /usr/home/kbc/public_html/news/060708 DSCN7636_t.jpg
106.07.10 23:57 A c:\bridge\public_html\news\060708\DSCN7637.html --> par.cse.nsysu.edu.tw /usr/home/kbc/public_html/news/060708 DSCN7637.html
106.07.10 23:57 B c:\bridge\public_html\news\060708\DSCN7637_t.jpg --> par.cse.nsysu.edu.tw /usr/home/kbc/public_html/news/060708 DSCN7637_t.jpg
106.07.10 23:57 A c:\bridge\public_html\news\060708\DSCN7638.html --> par.cse.nsysu.edu.tw /usr/home/kbc/public_html/news/060708 DSCN7638.html
106.07.10 23:57 B c:\bridge\public_html\news\060708\DSCN7638_t.jpg --> par.cse.nsysu.edu.tw /usr/home/kbc/public_html/news/060708 DSCN7638_t.jpg
106.07.10 23:57 A c:\bridge\public_html\news\060708\DSCN7639.html --> par.cse.nsysu.edu.tw /usr/home/kbc/public_html/news/060708 DSCN7639.html
106.07.10 23:57 B c:\bridge\public_html\news\060708\DSCN7639.JPG --> par.cse.nsysu.edu.tw /usr/home/kbc/public_html/news/060708 DSCN7639.JPG
106.07.10 23:57 B c:\bridge\public_html\news\060708\DSCN7639_t.jpg --> par.cse.nsysu.edu.tw /usr/home/kbc/public_html/news/060708 DSCN7639_t.jpg
106.07.10 23:57 A c:\bridge\public_html\news\060708\DSCN7640.html --> par.cse.nsysu.edu.tw /usr/home/kbc/public_html/news/060708 DSCN7640.html
106.07.10 23:57 B c:\bridge\public_html\news\060708\DSCN7640_t.jpg --> par.cse.nsysu.edu.tw /usr/home/kbc/public_html/news/060708 DSCN7640_t.jpg
106.07.10 23:57 A c:\bridge\public_html\news\060708\DSCN7641.html --> par.cse.nsysu.edu.tw /usr/home/kbc/public_html/news/060708 DSCN7641.html
106.07.10 23:57 B c:\bridge\public_html\news\060708\DSCN7641.JPG --> par.cse.nsysu.edu.tw /usr/home/kbc/public_html/news/060708 DSCN7641.JPG
106.07.10 23:57 B c:\bridge\public_html\news\060708\DSCN7641_t.jpg --> par.cse.nsysu.edu.tw /usr/home/kbc/public_html/news/060708 DSCN7641_t.jpg
106.07.10 23:57 A c:\bridge\public_html\news\060708\DSCN7642.html --> par.cse.nsysu.edu.tw /usr/home/kbc/public_html/news/060708 DSCN7642.html
106.07.10 23:57 B c:\bridge\public_html\news\060708\DSCN7642.JPG --> par.cse.nsysu.edu.tw /usr/home/kbc/public_html/news/060708 DSCN7642.JPG
106.07.10 23:57 B c:\bridge\public_html\news\060708\DSCN7642_t.jpg --> par.cse.nsysu.edu.tw /usr/home/kbc/public_html/news/060708 DSCN7642_t.jpg
106.07.10 23:57 A c:\bridge\public_html\news\060708\DSCN7643.html --> par.cse.nsysu.edu.tw /usr/home/kbc/public_html/news/060708 DSCN7643.html
106.07.10 23:57 B c:\bridge\public_html\news\060708\DSCN7643.JPG --> par.cse.nsysu.edu.tw /usr/home/kbc/public_html/news/060708 DSCN7643.JPG
106.07.10 23:57 B c:\bridge\public_html\news\060708\DSCN7643_t.jpg --> par.cse.nsysu.edu.tw /usr/home/kbc/public_html/news/060708 DSCN7643_t.jpg
106.07.10 23:57 A c:\bridge\public_html\news\060708\DSCN7644.html --> par.cse.nsysu.edu.tw /usr/home/kbc/public_html/news/060708 DSCN7644.html
106.07.10 23:57 B c:\bridge\public_html\news\060708\DSCN7644.JPG --> par.cse.nsysu.edu.tw /usr/home/kbc/public_html/news/060708 DSCN7644.JPG
106.07.10 23:57 B c:\bridge\public_html\news\060708\DSCN7644_t.jpg --> par.cse.nsysu.edu.tw /usr/home/kbc/public_html/news/060708 DSCN7644_t.jpg
106.07.10 23:57 A c:\bridge\public_html\news\060708\DSCN7645.html --> par.cse.nsysu.edu.tw /usr/home/kbc/public_html/news/060708 DSCN7645.html
106.07.10 23:57 B c:\bridge\public_html\news\060708\DSCN7645_t.jpg --> par.cse.nsysu.edu.tw /usr/home/kbc/public_html/news/060708 DSCN7645_t.jpg
106.07.10 23:57 A c:\bridge\public_html\news\060708\DSCN7646.html --> par.cse.nsysu.edu.tw /usr/home/kbc/public_html/news/060708 DSCN7646.html
106.07.10 23:57 B c:\bridge\public_html\news\060708\DSCN7646_t.jpg --> par.cse.nsysu.edu.tw /usr/home/kbc/public_html/news/060708 DSCN7646_t.jpg
106.07.10 23:57 A c:\bridge\public_html\news\060708\DSCN7647.html --> par.cse.nsysu.edu.tw /usr/home/kbc/public_html/news/060708 DSCN7647.html
106.07.10 23:57 B c:\bridge\public_html\news\060708\DSCN7647_t.jpg --> par.cse.nsysu.edu.tw /usr/home/kbc/public_html/news/060708 DSCN7647_t.jpg
106.07.10 23:57 A c:\bridge\public_html\news\060708\DSCN7648.html --> par.cse.nsysu.edu.tw /usr/home/kbc/public_html/news/060708 DSCN7648.html
106.07.10 23:57 B c:\bridge\public_html\news\060708\DSCN7648_t.jpg --> par.cse.nsysu.edu.tw /usr/home/kbc/public_html/news/060708 DSCN7648_t.jpg
106.07.10 23:57 A c:\bridge\public_html\news\060708\DSCN7649.html --> par.cse.nsysu.edu.tw /usr/home/kbc/public_html/news/060708 DSCN7649.html
106.07.10 23:57 B c:\bridge\public_html\news\060708\DSCN7649_t.jpg --> par.cse.nsysu.edu.tw /usr/home/kbc/public_html/news/060708 DSCN7649_t.jpg
106.07.10 23:57 A c:\bridge\public_html\news\060708\DSCN7650.html --> par.cse.nsysu.edu.tw /usr/home/kbc/public_html/news/060708 DSCN7650.html
106.07.10 23:57 B c:\bridge\public_html\news\060708\DSCN7650_t.jpg --> par.cse.nsysu.edu.tw /usr/home/kbc/public_html/news/060708 DSCN7650_t.jpg
106.07.10 23:57 A c:\bridge\public_html\news\060708\DSCN7651.html --> par.cse.nsysu.edu.tw /usr/home/kbc/public_html/news/060708 DSCN7651.html
106.07.10 23:57 B c:\bridge\public_html\news\060708\DSCN7651_t.jpg --> par.cse.nsysu.edu.tw /usr/home/kbc/public_html/news/060708 DSCN7651_t.jpg
106.07.10 23:57 B c:\bridge\public_html\news\060708\WS_FTP.LOG --> par.cse.nsysu.edu.tw /usr/home/kbc/public_html/news/060708 WS_FTP.LOG
106.07.11 14:19 A c:\bridge\public_html\news\060708\060708.htm --> par.cse.nsysu.edu.tw /usr/home/kbc/public_html/news/060708 060708.htm
106.07.11 14:19 A c:\bridge\public_html\news\060708\DSCN7632.html --> par.cse.nsysu.edu.tw /usr/home/kbc/public_html/news/060708 DSCN7632.html
106.07.11 14:19 B c:\bridge\public_html\news\060708\DSCN7632.JPG --> par.cse.nsysu.edu.tw /usr/home/kbc/public_html/news/060708 DSCN7632.JPG
106.07.11 14:19 B c:\bridge\public_html\news\060708\DSCN7632_t.jpg --> par.cse.nsysu.edu.tw /usr/home/kbc/public_html/news/060708 DSCN7632_t.jpg
106.07.11 14:19 A c:\bridge\public_html\news\060708\DSCN7633.html --> par.cse.nsysu.edu.tw /usr/home/kbc/public_html/news/060708 DSCN7633.html
106.07.11 14:19 B c:\bridge\public_html\news\060708\DSCN7633_t.jpg --> par.cse.nsysu.edu.tw /usr/home/kbc/public_html/news/060708 DSCN7633_t.jpg
106.07.11 14:19 A c:\bridge\public_html\news\060708\DSCN7634.html --> par.cse.nsysu.edu.tw /usr/home/kbc/public_html/news/060708 DSCN7634.html
106.07.11 14:19 B c:\bridge\public_html\news\060708\DSCN7634_t.jpg --> par.cse.nsysu.edu.tw /usr/home/kbc/public_html/news/060708 DSCN7634_t.jpg
106.07.11 14:19 A c:\bridge\public_html\news\060708\DSCN7635.html --> par.cse.nsysu.edu.tw /usr/home/kbc/public_html/news/060708 DSCN7635.html
106.07.11 14:19 B c:\bridge\public_html\news\060708\DSCN7635_t.jpg --> par.cse.nsysu.edu.tw /usr/home/kbc/public_html/news/060708 DSCN7635_t.jpg
106.07.11 14:19 A c:\bridge\public_html\news\060708\DSCN7636.html --> par.cse.nsysu.edu.tw /usr/home/kbc/public_html/news/060708 DSCN7636.html
106.07.11 14:19 B c:\bridge\public_html\news\060708\DSCN7636_t.jpg --> par.cse.nsysu.edu.tw /usr/home/kbc/public_html/news/060708 DSCN7636_t.jpg
106.07.11 14:19 A c:\bridge\public_html\news\060708\DSCN7637.html --> par.cse.nsysu.edu.tw /usr/home/kbc/public_html/news/060708 DSCN7637.html
106.07.11 14:19 B c:\bridge\public_html\news\060708\DSCN7637.JPG --> par.cse.nsysu.edu.tw /usr/home/kbc/public_html/news/060708 DSCN7637.JPG
106.07.11 14:19 B c:\bridge\public_html\news\060708\DSCN7637_t.jpg --> par.cse.nsysu.edu.tw /usr/home/kbc/public_html/news/060708 DSCN7637_t.jpg
106.07.11 14:19 A c:\bridge\public_html\news\060708\DSCN7638.html --> par.cse.nsysu.edu.tw /usr/home/kbc/public_html/news/060708 DSCN7638.html
106.07.11 14:19 B c:\bridge\public_html\news\060708\DSCN7638_t.jpg --> par.cse.nsysu.edu.tw /usr/home/kbc/public_html/news/060708 DSCN7638_t.jpg
106.07.11 14:19 A c:\bridge\public_html\news\060708\DSCN7639.html --> par.cse.nsysu.edu.tw /usr/home/kbc/public_html/news/060708 DSCN7639.html
106.07.11 14:19 B c:\bridge\public_html\news\060708\DSCN7639.JPG --> par.cse.nsysu.edu.tw /usr/home/kbc/public_html/news/060708 DSCN7639.JPG
106.07.11 14:19 B c:\bridge\public_html\news\060708\DSCN7639_t.jpg --> par.cse.nsysu.edu.tw /usr/home/kbc/public_html/news/060708 DSCN7639_t.jpg
106.07.11 14:19 A c:\bridge\public_html\news\060708\DSCN7640.html --> par.cse.nsysu.edu.tw /usr/home/kbc/public_html/news/060708 DSCN7640.html
106.07.11 14:19 B c:\bridge\public_html\news\060708\DSCN7640.JPG --> par.cse.nsysu.edu.tw /usr/home/kbc/public_html/news/060708 DSCN7640.JPG
106.07.11 14:19 B c:\bridge\public_html\news\060708\DSCN7640_t.jpg --> par.cse.nsysu.edu.tw /usr/home/kbc/public_html/news/060708 DSCN7640_t.jpg
106.07.11 14:19 A c:\bridge\public_html\news\060708\DSCN7641.html --> par.cse.nsysu.edu.tw /usr/home/kbc/public_html/news/060708 DSCN7641.html
106.07.11 14:19 B c:\bridge\public_html\news\060708\DSCN7641.JPG --> par.cse.nsysu.edu.tw /usr/home/kbc/public_html/news/060708 DSCN7641.JPG
106.07.11 14:19 B c:\bridge\public_html\news\060708\DSCN7641_t.jpg --> par.cse.nsysu.edu.tw /usr/home/kbc/public_html/news/060708 DSCN7641_t.jpg
106.07.11 14:19 A c:\bridge\public_html\news\060708\DSCN7642.html --> par.cse.nsysu.edu.tw /usr/home/kbc/public_html/news/060708 DSCN7642.html
106.07.11 14:19 B c:\bridge\public_html\news\060708\DSCN7642.JPG --> par.cse.nsysu.edu.tw /usr/home/kbc/public_html/news/060708 DSCN7642.JPG
106.07.11 14:19 B c:\bridge\public_html\news\060708\DSCN7642_t.jpg --> par.cse.nsysu.edu.tw /usr/home/kbc/public_html/news/060708 DSCN7642_t.jpg
106.07.11 14:19 A c:\bridge\public_html\news\060708\DSCN7643.html --> par.cse.nsysu.edu.tw /usr/home/kbc/public_html/news/060708 DSCN7643.html
106.07.11 14:19 B c:\bridge\public_html\news\060708\DSCN7643.JPG --> par.cse.nsysu.edu.tw /usr/home/kbc/public_html/news/060708 DSCN7643.JPG
106.07.11 14:19 B c:\bridge\public_html\news\060708\DSCN7643_t.jpg --> par.cse.nsysu.edu.tw /usr/home/kbc/public_html/news/060708 DSCN7643_t.jpg
106.07.11 14:19 A c:\bridge\public_html\news\060708\DSCN7644.html --> par.cse.nsysu.edu.tw /usr/home/kbc/public_html/news/060708 DSCN7644.html
106.07.11 14:19 B c:\bridge\public_html\news\060708\DSCN7644.JPG --> par.cse.nsysu.edu.tw /usr/home/kbc/public_html/news/060708 DSCN7644.JPG
106.07.11 14:19 B c:\bridge\public_html\news\060708\DSCN7644_t.jpg --> par.cse.nsysu.edu.tw /usr/home/kbc/public_html/news/060708 DSCN7644_t.jpg
106.07.11 14:19 A c:\bridge\public_html\news\060708\DSCN7645.html --> par.cse.nsysu.edu.tw /usr/home/kbc/public_html/news/060708 DSCN7645.html
106.07.11 14:19 B c:\bridge\public_html\news\060708\DSCN7645.JPG --> par.cse.nsysu.edu.tw /usr/home/kbc/public_html/news/060708 DSCN7645.JPG
106.07.11 14:19 B c:\bridge\public_html\news\060708\DSCN7645_t.jpg --> par.cse.nsysu.edu.tw /usr/home/kbc/public_html/news/060708 DSCN7645_t.jpg
106.07.11 14:19 A c:\bridge\public_html\news\060708\DSCN7646.html --> par.cse.nsysu.edu.tw /usr/home/kbc/public_html/news/060708 DSCN7646.html
106.07.11 14:19 B c:\bridge\public_html\news\060708\DSCN7646.JPG --> par.cse.nsysu.edu.tw /usr/home/kbc/public_html/news/060708 DSCN7646.JPG
106.07.11 14:19 B c:\bridge\public_html\news\060708\DSCN7646_t.jpg --> par.cse.nsysu.edu.tw /usr/home/kbc/public_html/news/060708 DSCN7646_t.jpg
106.07.11 14:19 A c:\bridge\public_html\news\060708\DSCN7647.html --> par.cse.nsysu.edu.tw /usr/home/kbc/public_html/news/060708 DSCN7647.html
106.07.11 14:19 B c:\bridge\public_html\news\060708\DSCN7647.JPG --> par.cse.nsysu.edu.tw /usr/home/kbc/public_html/news/060708 DSCN7647.JPG
106.07.11 14:19 B c:\bridge\public_html\news\060708\DSCN7647_t.jpg --> par.cse.nsysu.edu.tw /usr/home/kbc/public_html/news/060708 DSCN7647_t.jpg
106.07.11 14:19 A c:\bridge\public_html\news\060708\DSCN7648.html --> par.cse.nsysu.edu.tw /usr/home/kbc/public_html/news/060708 DSCN7648.html
106.07.11 14:19 B c:\bridge\public_html\news\060708\DSCN7648.JPG --> par.cse.nsysu.edu.tw /usr/home/kbc/public_html/news/060708 DSCN7648.JPG
106.07.11 14:19 B c:\bridge\public_html\news\060708\DSCN7648_t.jpg --> par.cse.nsysu.edu.tw /usr/home/kbc/public_html/news/060708 DSCN7648_t.jpg
106.07.11 14:19 A c:\bridge\public_html\news\060708\DSCN7649.html --> par.cse.nsysu.edu.tw /usr/home/kbc/public_html/news/060708 DSCN7649.html
106.07.11 14:19 B c:\bridge\public_html\news\060708\DSCN7649.JPG --> par.cse.nsysu.edu.tw /usr/home/kbc/public_html/news/060708 DSCN7649.JPG
106.07.11 14:19 B c:\bridge\public_html\news\060708\DSCN7649_t.jpg --> par.cse.nsysu.edu.tw /usr/home/kbc/public_html/news/060708 DSCN7649_t.jpg
106.07.11 14:19 A c:\bridge\public_html\news\060708\DSCN7650.html --> par.cse.nsysu.edu.tw /usr/home/kbc/public_html/news/060708 DSCN7650.html
106.07.11 14:19 B c:\bridge\public_html\news\060708\DSCN7650.JPG --> par.cse.nsysu.edu.tw /usr/home/kbc/public_html/news/060708 DSCN7650.JPG
106.07.11 14:19 B c:\bridge\public_html\news\060708\DSCN7650_t.jpg --> par.cse.nsysu.edu.tw /usr/home/kbc/public_html/news/060708 DSCN7650_t.jpg
106.07.11 14:19 A c:\bridge\public_html\news\060708\DSCN7651.html --> par.cse.nsysu.edu.tw /usr/home/kbc/public_html/news/060708 DSCN7651.html
106.07.11 14:19 B c:\bridge\public_html\news\060708\DSCN7651.JPG --> par.cse.nsysu.edu.tw /usr/home/kbc/public_html/news/060708 DSCN7651.JPG
106.07.11 14:19 B c:\bridge\public_html\news\060708\DSCN7651_t.jpg --> par.cse.nsysu.edu.tw /usr/home/kbc/public_html/news/060708 DSCN7651_t.jpg
106.07.11 14:19 B c:\bridge\public_html\news\060708\WS_FTP.LOG --> par.cse.nsysu.edu.tw /usr/home/kbc/public_html/news/060708 WS_FTP.LOG
