99.12.22 10:03 A c:\bridge\public_html\kbc_letters\kbc164.txt <-- par-kbc /usr/home/kbc/public_html/kbc_letters kbc164.txt
99.12.22 10:03 A c:\bridge\public_html\kbc_letters\kbc165.txt <-- par-kbc /usr/home/kbc/public_html/kbc_letters kbc165.txt
99.12.22 10:03 A c:\bridge\public_html\kbc_letters\kbc166.txt <-- par-kbc /usr/home/kbc/public_html/kbc_letters kbc166.txt
99.12.22 10:03 A c:\bridge\public_html\kbc_letters\kbc167.txt <-- par-kbc /usr/home/kbc/public_html/kbc_letters kbc167.txt
99.12.22 10:03 A c:\bridge\public_html\kbc_letters\kbc168.txt <-- par-kbc /usr/home/kbc/public_html/kbc_letters kbc168.txt
99.12.22 10:03 A c:\bridge\public_html\kbc_letters\kbc169.txt <-- par-kbc /usr/home/kbc/public_html/kbc_letters kbc169.txt
99.12.22 10:03 A c:\bridge\public_html\kbc_letters\kbc170.txt <-- par-kbc /usr/home/kbc/public_html/kbc_letters kbc170.txt
99.12.22 10:03 A c:\bridge\public_html\kbc_letters\kbc171.txt <-- par-kbc /usr/home/kbc/public_html/kbc_letters kbc171.txt
99.12.22 10:03 A c:\bridge\public_html\kbc_letters\kbc172.txt <-- par-kbc /usr/home/kbc/public_html/kbc_letters kbc172.txt
99.12.22 10:03 A c:\bridge\public_html\kbc_letters\kbc173.txt <-- par-kbc /usr/home/kbc/public_html/kbc_letters kbc173.txt
99.12.22 10:03 A c:\bridge\public_html\kbc_letters\kbc174.txt <-- par-kbc /usr/home/kbc/public_html/kbc_letters kbc174.txt
99.12.22 10:03 A c:\bridge\public_html\kbc_letters\kbc175.txt <-- par-kbc /usr/home/kbc/public_html/kbc_letters kbc175.txt
99.12.22 10:03 A c:\bridge\public_html\kbc_letters\kbc176.txt <-- par-kbc /usr/home/kbc/public_html/kbc_letters kbc176.txt
99.12.22 10:03 A c:\bridge\public_html\kbc_letters\kbc177.txt <-- par-kbc /usr/home/kbc/public_html/kbc_letters kbc177.txt
99.12.22 10:03 A c:\bridge\public_html\kbc_letters\kbc178.txt <-- par-kbc /usr/home/kbc/public_html/kbc_letters kbc178.txt
99.12.22 10:03 A c:\bridge\public_html\kbc_letters\kbc179.txt <-- par-kbc /usr/home/kbc/public_html/kbc_letters kbc179.txt
99.12.22 10:03 A c:\bridge\public_html\kbc_letters\kbc180.txt <-- par-kbc /usr/home/kbc/public_html/kbc_letters kbc180.txt
99.12.22 10:03 A c:\bridge\public_html\kbc_letters\kbc181.txt <-- par-kbc /usr/home/kbc/public_html/kbc_letters kbc181.txt
99.12.22 10:03 A c:\bridge\public_html\kbc_letters\kbc182.txt <-- par-kbc /usr/home/kbc/public_html/kbc_letters kbc182.txt
99.12.22 10:03 A c:\bridge\public_html\kbc_letters\kbc183.txt <-- par-kbc /usr/home/kbc/public_html/kbc_letters kbc183.txt
99.12.22 10:03 A c:\bridge\public_html\kbc_letters\kbc184.txt <-- par-kbc /usr/home/kbc/public_html/kbc_letters kbc184.txt
99.12.22 10:03 A c:\bridge\public_html\kbc_letters\kbc185.txt <-- par-kbc /usr/home/kbc/public_html/kbc_letters kbc185.txt
99.12.22 10:03 A c:\bridge\public_html\kbc_letters\kbc186.txt <-- par-kbc /usr/home/kbc/public_html/kbc_letters kbc186.txt
99.12.22 10:03 A c:\bridge\public_html\kbc_letters\kbc187.txt <-- par-kbc /usr/home/kbc/public_html/kbc_letters kbc187.txt
99.12.22 10:03 A c:\bridge\public_html\kbc_letters\kbc188.txt <-- par-kbc /usr/home/kbc/public_html/kbc_letters kbc188.txt
99.12.22 10:03 A c:\bridge\public_html\kbc_letters\kbc189.txt <-- par-kbc /usr/home/kbc/public_html/kbc_letters kbc189.txt
99.12.22 10:03 A c:\bridge\public_html\kbc_letters\kbc190.txt <-- par-kbc /usr/home/kbc/public_html/kbc_letters kbc190.txt
99.12.22 10:03 A c:\bridge\public_html\kbc_letters\kbc191.txt <-- par-kbc /usr/home/kbc/public_html/kbc_letters kbc191.txt
99.12.22 10:03 A c:\bridge\public_html\kbc_letters\kbc192.txt <-- par-kbc /usr/home/kbc/public_html/kbc_letters kbc192.txt
99.12.22 10:03 A c:\bridge\public_html\kbc_letters\kbc193.txt <-- par-kbc /usr/home/kbc/public_html/kbc_letters kbc193.txt
99.12.22 10:03 A c:\bridge\public_html\kbc_letters\kbc194.txt <-- par-kbc /usr/home/kbc/public_html/kbc_letters kbc194.txt
99.12.22 10:03 A c:\bridge\public_html\kbc_letters\kbc195.txt <-- par-kbc /usr/home/kbc/public_html/kbc_letters kbc195.txt
99.12.22 10:03 A c:\bridge\public_html\kbc_letters\kbc196.txt <-- par-kbc /usr/home/kbc/public_html/kbc_letters kbc196.txt
99.12.22 10:03 A c:\bridge\public_html\kbc_letters\kbc197.txt <-- par-kbc /usr/home/kbc/public_html/kbc_letters kbc197.txt
99.12.22 10:03 A c:\bridge\public_html\kbc_letters\kbc198.txt <-- par-kbc /usr/home/kbc/public_html/kbc_letters kbc198.txt
99.12.22 10:03 A c:\bridge\public_html\kbc_letters\kbc199.txt <-- par-kbc /usr/home/kbc/public_html/kbc_letters kbc199.txt
99.12.22 10:03 A c:\bridge\public_html\kbc_letters\kbc200.txt <-- par-kbc /usr/home/kbc/public_html/kbc_letters kbc200.txt
99.12.22 10:03 A c:\bridge\public_html\kbc_letters\kbc201.txt <-- par-kbc /usr/home/kbc/public_html/kbc_letters kbc201.txt
99.12.22 10:03 A c:\bridge\public_html\kbc_letters\kbc202.txt <-- par-kbc /usr/home/kbc/public_html/kbc_letters kbc202.txt
99.12.22 10:03 A c:\bridge\public_html\kbc_letters\kbc203.txt <-- par-kbc /usr/home/kbc/public_html/kbc_letters kbc203.txt
99.12.22 10:03 A c:\bridge\public_html\kbc_letters\kbc204.txt <-- par-kbc /usr/home/kbc/public_html/kbc_letters kbc204.txt
99.12.22 10:03 A c:\bridge\public_html\kbc_letters\kbc205.txt <-- par-kbc /usr/home/kbc/public_html/kbc_letters kbc205.txt
99.12.22 10:03 A c:\bridge\public_html\kbc_letters\kbc206.txt <-- par-kbc /usr/home/kbc/public_html/kbc_letters kbc206.txt
99.12.22 10:03 A c:\bridge\public_html\kbc_letters\kbc207.txt <-- par-kbc /usr/home/kbc/public_html/kbc_letters kbc207.txt
99.12.22 10:03 A c:\bridge\public_html\kbc_letters\kbc208.txt <-- par-kbc /usr/home/kbc/public_html/kbc_letters kbc208.txt
99.12.22 10:03 A c:\bridge\public_html\kbc_letters\kbc209.txt <-- par-kbc /usr/home/kbc/public_html/kbc_letters kbc209.txt
99.12.22 10:03 A c:\bridge\public_html\kbc_letters\kbc210.txt <-- par-kbc /usr/home/kbc/public_html/kbc_letters kbc210.txt
99.12.22 10:03 A c:\bridge\public_html\kbc_letters\kbc211.txt <-- par-kbc /usr/home/kbc/public_html/kbc_letters kbc211.txt
99.12.22 10:03 A c:\bridge\public_html\kbc_letters\kbc212.txt <-- par-kbc /usr/home/kbc/public_html/kbc_letters kbc212.txt
99.12.22 10:03 A c:\bridge\public_html\kbc_letters\kbc213.txt <-- par-kbc /usr/home/kbc/public_html/kbc_letters kbc213.txt
99.12.22 10:03 A c:\bridge\public_html\kbc_letters\kbc214.txt <-- par-kbc /usr/home/kbc/public_html/kbc_letters kbc214.txt
99.12.22 10:03 A c:\bridge\public_html\kbc_letters\kbc215.txt <-- par-kbc /usr/home/kbc/public_html/kbc_letters kbc215.txt
99.12.22 10:03 A c:\bridge\public_html\kbc_letters\kbc_let_index.htm <-- par-kbc /usr/home/kbc/public_html/kbc_letters kbc_let_index.htm
99.12.22 10:03 B c:\bridge\public_html\kbc_letters\shine.gif <-- par-kbc /usr/home/kbc/public_html/kbc_letters shine.gif
99.12.22 10:03 B c:\bridge\public_html\kbc_letters\高雄橋藝中心橋訊1.jpg <-- par-kbc /usr/home/kbc/public_html/kbc_letters 高雄橋藝中心橋訊1.jpg
99.12.22 10:03 B c:\bridge\public_html\kbc_letters\高雄橋藝中心橋訊2.jpg <-- par-kbc /usr/home/kbc/public_html/kbc_letters 高雄橋藝中心橋訊2.jpg
99.12.22 10:03 B c:\bridge\public_html\kbc_letters\高雄橋藝中心橋訊3.jpg <-- par-kbc /usr/home/kbc/public_html/kbc_letters 高雄橋藝中心橋訊3.jpg
99.12.22 10:03 B c:\bridge\public_html\kbc_letters\高雄橋藝中心橋訊4.jpg <-- par-kbc /usr/home/kbc/public_html/kbc_letters 高雄橋藝中心橋訊4.jpg
99.12.29 18:29 A c:\bridge\public_html\kbc_letters\kbc216.txt --> par.cse.nsysu.edu.tw /usr/home/kbc/public_html/kbc_letters kbc216.txt
99.12.29 18:29 A c:\bridge\public_html\kbc_letters\kbc_let_index.htm --> par.cse.nsysu.edu.tw /usr/home/kbc/public_html/kbc_letters kbc_let_index.htm
100.01.31 10:13 A c:\bridge\public_html\kbc_letters\kbc217.txt --> par.cse.nsysu.edu.tw /usr/home/kbc/public_html/kbc_letters kbc217.txt
100.01.31 10:13 A c:\bridge\public_html\kbc_letters\kbc_let_index.htm --> par.cse.nsysu.edu.tw /usr/home/kbc/public_html/kbc_letters kbc_let_index.htm
100.04.01 16:55 A G:\bridge\public_html\kbc_news\kbc218.txt --> par.cse.nsysu.edu.tw /usr/home/kbc/public_html/kbc_news kbc218.txt
100.04.01 16:55 A G:\bridge\public_html\kbc_news\kbc219.txt --> par.cse.nsysu.edu.tw /usr/home/kbc/public_html/kbc_news kbc219.txt
100.04.01 16:55 B G:\bridge\public_html\kbc_news\kbc_news_index.htm --> par.cse.nsysu.edu.tw /usr/home/kbc/public_html/kbc_news kbc_news_index.htm
100.04.20 14:44 A c:\bridge\public_html\kbc_news\kbc219.txt --> par.cse.nsysu.edu.tw /usr/home/kbc/public_html/kbc_news kbc219.txt
100.05.17 12:12 A c:\bridge\public_html\kbc_news\kbc220.txt --> par.cse.nsysu.edu.tw /usr/home/kbc/public_html/kbc_news kbc220.txt
100.05.17 12:12 A c:\bridge\public_html\kbc_news\kbc_news_index.htm --> par.cse.nsysu.edu.tw /usr/home/kbc/public_html/kbc_news kbc_news_index.htm
100.07.17 19:47 A c:\bridge\public_html\kbc_news\kbc221.txt --> par.cse.nsysu.edu.tw /usr/home/kbc/public_html/kbc_news kbc221.txt
100.07.17 19:47 A c:\bridge\public_html\kbc_news\kbc222.txt --> par.cse.nsysu.edu.tw /usr/home/kbc/public_html/kbc_news kbc222.txt
100.07.17 19:47 A c:\bridge\public_html\kbc_news\kbc_news_index.htm --> par.cse.nsysu.edu.tw /usr/home/kbc/public_html/kbc_news kbc_news_index.htm
100.07.31 14:30 A c:\bridge\public_html\kbc_news\kbc222.txt --> par.cse.nsysu.edu.tw /usr/home/kbc/public_html/kbc_news kbc222.txt
100.09.07 12:44 A c:\bridge\public_html\kbc_news\kbc223.txt --> par.cse.nsysu.edu.tw /usr/home/kbc/public_html/kbc_news kbc223.txt
100.09.07 12:44 A c:\bridge\public_html\kbc_news\kbc224.txt --> par.cse.nsysu.edu.tw /usr/home/kbc/public_html/kbc_news kbc224.txt
100.09.07 12:44 A c:\bridge\public_html\kbc_news\kbc_news_index.htm --> par.cse.nsysu.edu.tw /usr/home/kbc/public_html/kbc_news kbc_news_index.htm
100.09.14 19:02 A c:\bridge\public_html\kbc_news\kbc217.txt <-- par-kbc /usr/home/kbc/public_html/kbc_news kbc217.txt
100.09.14 19:02 A c:\bridge\public_html\kbc_news\kbc218.txt <-- par-kbc /usr/home/kbc/public_html/kbc_news kbc218.txt
100.09.14 19:02 A c:\bridge\public_html\kbc_news\kbc219.txt <-- par-kbc /usr/home/kbc/public_html/kbc_news kbc219.txt
100.09.14 19:02 A c:\bridge\public_html\kbc_news\kbc220.txt <-- par-kbc /usr/home/kbc/public_html/kbc_news kbc220.txt
100.09.14 19:02 A c:\bridge\public_html\kbc_news\kbc221.txt <-- par-kbc /usr/home/kbc/public_html/kbc_news kbc221.txt
100.09.14 19:02 A c:\bridge\public_html\kbc_news\kbc223.txt <-- par-kbc /usr/home/kbc/public_html/kbc_news kbc223.txt
100.09.14 19:02 A c:\bridge\public_html\kbc_news\kbc224.txt <-- par-kbc /usr/home/kbc/public_html/kbc_news kbc224.txt
100.09.14 19:02 A c:\bridge\public_html\kbc_news\kbc_news_index.htm <-- par-kbc /usr/home/kbc/public_html/kbc_news kbc_news_index.htm
100.09.14 19:02 B c:\bridge\public_html\kbc_news\高雄橋藝中心橋訊1.jpg <-- par-kbc /usr/home/kbc/public_html/kbc_news 高雄橋藝中心橋訊1.jpg
100.09.14 19:02 B c:\bridge\public_html\kbc_news\高雄橋藝中心橋訊2.jpg <-- par-kbc /usr/home/kbc/public_html/kbc_news 高雄橋藝中心橋訊2.jpg
100.09.14 19:02 B c:\bridge\public_html\kbc_news\高雄橋藝中心橋訊3.jpg <-- par-kbc /usr/home/kbc/public_html/kbc_news 高雄橋藝中心橋訊3.jpg
100.09.14 19:02 B c:\bridge\public_html\kbc_news\高雄橋藝中心橋訊4.jpg <-- par-kbc /usr/home/kbc/public_html/kbc_news 高雄橋藝中心橋訊4.jpg
100.09.25 11:54 A c:\bridge\public_html\kbc_news\kbc225.txt <-- par-kbc /usr/home/kbc/public_html/kbc_news kbc225.txt
100.09.25 11:54 A c:\bridge\public_html\kbc_news\kbc_news_index.htm <-- par-kbc /usr/home/kbc/public_html/kbc_news kbc_news_index.htm
2000.10.25 17:24 B c:\bridge\public_html\kbc_news\kbc226.txt --> par.cse.nsysu.edu.tw /usr/home/kbc/public_html/kbc_news kbc226.txt
2000.10.25 17:24 B c:\bridge\public_html\kbc_news\kbc_news_index.htm --> par.cse.nsysu.edu.tw /usr/home/kbc/public_html/kbc_news kbc_news_index.htm
2000.10.25 17:46 B c:\bridge\public_html\kbc_news\kbc226.txt --> par.cse.nsysu.edu.tw /usr/home/kbc/public_html/kbc_news kbc226.txt
2000.12.06 13:50 A c:\bridge\public_html\kbc_news\kbc227.txt --> par.cse.nsysu.edu.tw /usr/home/kbc/public_html/kbc_news kbc227.txt
2000.12.06 13:50 B c:\bridge\public_html\kbc_news\kbc_news_index.htm --> par.cse.nsysu.edu.tw /usr/home/kbc/public_html/kbc_news kbc_news_index.htm
2001.01.09 16:29 B c:\bridge\public_html\kbc_news\kbc_news_index.htm --> par.cse.nsysu.edu.tw /usr/home/kbc/public_html/kbc_news kbc_news_index.htm
2001.01.09 16:30 A c:\bridge\public_html\kbc_news\kbc228.txt --> par.cse.nsysu.edu.tw /usr/home/kbc/public_html/kbc_news kbc228.txt
2001.01.15 12:46 A c:\bridge\public_html\kbc_news\kbc229.txt --> par.cse.nsysu.edu.tw /usr/home/kbc/public_html/kbc_news kbc229.txt
2001.01.15 12:46 B c:\bridge\public_html\kbc_news\kbc_news_index.htm --> par.cse.nsysu.edu.tw /usr/home/kbc/public_html/kbc_news kbc_news_index.htm
2001.01.15 13:05 A c:\bridge\public_html\kbc_news\kbc229.txt --> par.cse.nsysu.edu.tw /usr/home/kbc/public_html/kbc_news kbc229.txt
2001.03.05 17:46 A c:\bridge\public_html\kbc_news\kbc230.txt --> par.cse.nsysu.edu.tw /usr/home/kbc/public_html/kbc_news kbc230.txt
2001.03.05 17:46 A c:\bridge\public_html\kbc_news\kbc_news_index.htm --> par.cse.nsysu.edu.tw /usr/home/kbc/public_html/kbc_news kbc_news_index.htm
2001.04.18 13:20 A c:\bridge\public_html\kbc_news\kbc231.txt --> par.cse.nsysu.edu.tw /usr/home/kbc/public_html/kbc_news kbc231.txt
2001.04.18 13:20 A c:\bridge\public_html\kbc_news\kbc_news_index.htm --> par.cse.nsysu.edu.tw /usr/home/kbc/public_html/kbc_news kbc_news_index.htm
2001.04.24 18:14 A c:\bridge\public_html\kbc_news\kbc232.txt --> par.cse.nsysu.edu.tw /usr/home/kbc/public_html/kbc_news kbc232.txt
2001.04.24 18:14 A c:\bridge\public_html\kbc_news\kbc_news_index.htm --> par.cse.nsysu.edu.tw /usr/home/kbc/public_html/kbc_news kbc_news_index.htm
2001.06.13 19:30 A c:\bridge\public_html\kbc_news\kbc233.txt --> par.cse.nsysu.edu.tw /usr/home/kbc/public_html/kbc_news kbc233.txt
2001.06.13 19:30 A c:\bridge\public_html\kbc_news\kbc_news_index.htm --> par.cse.nsysu.edu.tw /usr/home/kbc/public_html/kbc_news kbc_news_index.htm
2001.06.29 19:00 A c:\bridge\public_html\kbc_news\kbc234.txt --> par.cse.nsysu.edu.tw /usr/home/kbc/public_html/kbc_news kbc234.txt
2001.06.29 19:00 A c:\bridge\public_html\kbc_news\kbc_news_index.htm --> par.cse.nsysu.edu.tw /usr/home/kbc/public_html/kbc_news kbc_news_index.htm
2001.08.01 14:49 A c:\bridge\public_html\kbc_news\kbc235.txt --> par.cse.nsysu.edu.tw /usr/home/kbc/public_html/kbc_news kbc235.txt
2001.08.01 14:49 A c:\bridge\public_html\kbc_news\kbc_news_index.htm --> par.cse.nsysu.edu.tw /usr/home/kbc/public_html/kbc_news kbc_news_index.htm
101.12.10 19:17 A c:\bridge\public_html\kbc_news\kbc237.txt --> par.cse.nsysu.edu.tw /usr/home/kbc/public_html/kbc_news kbc237.txt
101.12.10 19:17 A c:\bridge\public_html\kbc_news\kbc_news_index.htm --> par.cse.nsysu.edu.tw /usr/home/kbc/public_html/kbc_news kbc_news_index.htm
101.12.19 17:22 A c:\bridge\public_html\kbc_news\kbc238.txt --> par.cse.nsysu.edu.tw /usr/home/kbc/public_html/kbc_news kbc238.txt
101.12.19 17:22 A c:\bridge\public_html\kbc_news\kbc239.txt --> par.cse.nsysu.edu.tw /usr/home/kbc/public_html/kbc_news kbc239.txt
101.12.19 17:22 A c:\bridge\public_html\kbc_news\kbc_news_index.htm --> par.cse.nsysu.edu.tw /usr/home/kbc/public_html/kbc_news kbc_news_index.htm
101.12.21 20:26 A c:\bridge\public_html\kbc_news\kbc_news_index.htm --> par.cse.nsysu.edu.tw /usr/home/kbc/public_html/kbc_news kbc_news_index.htm
102.01.31 15:15 A c:\bridge\public_html\kbc_news\kbc240.txt --> par.cse.nsysu.edu.tw /usr/home/kbc/public_html/kbc_news kbc240.txt
102.01.31 15:15 A c:\bridge\public_html\kbc_news\kbc241.txt --> par.cse.nsysu.edu.tw /usr/home/kbc/public_html/kbc_news kbc241.txt
102.01.31 15:15 A c:\bridge\public_html\kbc_news\kbc_news_index.htm --> par.cse.nsysu.edu.tw /usr/home/kbc/public_html/kbc_news kbc_news_index.htm
102.01.31 15:19 A c:\bridge\public_html\kbc_news\kbc240.txt --> par.cse.nsysu.edu.tw /usr/home/kbc/public_html/kbc_news kbc240.txt
102.01.31 15:19 A c:\bridge\public_html\kbc_news\kbc241.txt --> par.cse.nsysu.edu.tw /usr/home/kbc/public_html/kbc_news kbc241.txt
102.01.31 15:19 A c:\bridge\public_html\kbc_news\kbc_news_index.htm --> par.cse.nsysu.edu.tw /usr/home/kbc/public_html/kbc_news kbc_news_index.htm
102.03.30 18:28 A c:\bridge\public_html\kbc_news\kbc_news_index.htm --> par.cse.nsysu.edu.tw /usr/home/kbc/public_html/kbc_news kbc_news_index.htm
102.03.30 18:30 A c:\bridge\public_html\kbc_news\kbc242.txt --> par.cse.nsysu.edu.tw /usr/home/kbc/public_html/kbc_news kbc242.txt
102.11.10 15:25 A c:\bridge\public_html\kbc_news\kbc250.txt <-- par-cbyang /usr/home/cbyang/pc kbc250.txt
102.11.10 15:25 A c:\bridge\public_html\kbc_news\kbc_news_index.htm <-- par-cbyang /usr/home/cbyang/pc kbc_news_index.htm
103.04.12 12:28 A c:\bridge\public_html\kbc_news\kbc255.txt --> par.cse.nsysu.edu.tw /usr/home/kbc/public_html kbc255.txt
103.04.12 12:28 B c:\bridge\public_html\kbc_news\kbc_news_index.htm --> par.cse.nsysu.edu.tw /usr/home/kbc/public_html kbc_news_index.htm
103.04.12 12:30 A c:\bridge\public_html\kbc_news\kbc255.txt --> par.cse.nsysu.edu.tw /usr/home/kbc/public_html/kbc_news kbc255.txt
103.04.12 12:30 B c:\bridge\public_html\kbc_news\kbc_news_index.htm --> par.cse.nsysu.edu.tw /usr/home/kbc/public_html/kbc_news kbc_news_index.htm
103.08.04 19:17 A c:\bridge\public_html\kbc_news\kbc256.txt --> par.cse.nsysu.edu.tw /usr/home/kbc/public_html/kbc_news kbc256.txt
103.08.04 19:17 A c:\bridge\public_html\kbc_news\kbc257.txt --> par.cse.nsysu.edu.tw /usr/home/kbc/public_html/kbc_news kbc257.txt
103.08.04 19:17 A c:\bridge\public_html\kbc_news\kbc258.txt --> par.cse.nsysu.edu.tw /usr/home/kbc/public_html/kbc_news kbc258.txt
103.08.04 19:17 B c:\bridge\public_html\kbc_news\kbc_news_index.htm --> par.cse.nsysu.edu.tw /usr/home/kbc/public_html/kbc_news kbc_news_index.htm
103.10.01 00:09 A c:\bridge\public_html\kbc_news\kbc259.txt <-- par-kbc /usr/home/kbc/public_html/kbc_news kbc259.txt
103.10.01 00:09 A c:\bridge\public_html\kbc_news\kbc260.txt <-- par-kbc /usr/home/kbc/public_html/kbc_news kbc260.txt
103.10.01 00:09 A c:\bridge\public_html\kbc_news\kbc261.txt <-- par-kbc /usr/home/kbc/public_html/kbc_news kbc261.txt
103.10.01 00:09 A c:\bridge\public_html\kbc_news\kbc_news_index.htm <-- par-kbc /usr/home/kbc/public_html/kbc_news kbc_news_index.htm
103.10.24 22:44 A c:\bridge\public_html\kbc_news\kbc262.txt <-- par-kbc /usr/home/kbc/public_html/kbc_news kbc262.txt
103.10.24 22:44 A c:\bridge\public_html\kbc_news\kbc_news_index.htm <-- par-kbc /usr/home/kbc/public_html/kbc_news kbc_news_index.htm
103.10.25 22:30 A c:\bridge\public_html\kbc_news\kbc262.txt <-- par-kbc /usr/home/kbc/public_html/kbc_news kbc262.txt
103.12.24 20:58 A c:\bridge\public_html\kbc_news\kbc263.txt <-- par-cbyang /usr/home/cbyang/pc kbc263.txt
103.12.24 20:58 A c:\bridge\public_html\kbc_news\kbc264.txt <-- par-cbyang /usr/home/cbyang/pc kbc264.txt
103.12.24 21:48 A c:\bridge\public_html\kbc_news\kbc262.txt --> par.cse.nsysu.edu.tw /usr/home/kbc/public_html/kbc_news kbc262.txt
103.12.24 21:48 A c:\bridge\public_html\kbc_news\kbc263.txt --> par.cse.nsysu.edu.tw /usr/home/kbc/public_html/kbc_news kbc263.txt
103.12.24 21:48 A c:\bridge\public_html\kbc_news\kbc264.txt --> par.cse.nsysu.edu.tw /usr/home/kbc/public_html/kbc_news kbc264.txt
103.12.24 21:48 A c:\bridge\public_html\kbc_news\kbc_news_index.htm --> par.cse.nsysu.edu.tw /usr/home/kbc/public_html/kbc_news kbc_news_index.htm
104.03.08 23:08 A c:\bridge\public_html\kbc_news\kbc_news_index.htm <-- par-kbc /usr/home/kbc/public_html/kbc_news kbc_news_index.htm
104.03.08 23:10 A c:\bridge\public_html\kbc_news\kbc266.txt --> par.cse.nsysu.edu.tw /usr/home/kbc/public_html/kbc_news kbc266.txt
104.03.08 23:10 A c:\bridge\public_html\kbc_news\kbc_news_index.htm --> par.cse.nsysu.edu.tw /usr/home/kbc/public_html/kbc_news kbc_news_index.htm
104.03.08 23:11 A c:\bridge\public_html\kbc_news\kbc265.txt <-- par-kbc /usr/home/kbc/public_html/kbc_news kbc265.txt
104.03.08 23:11 A c:\bridge\public_html\kbc_news\kbc266.txt --> par.cse.nsysu.edu.tw /usr/home/kbc/public_html/kbc_news kbc266.txt
104.04.16 22:19 A c:\bridge\public_html\kbc_news\kbc267.txt --> par.cse.nsysu.edu.tw /usr/home/kbc/public_html/kbc_news kbc267.txt
104.04.16 22:19 A c:\bridge\public_html\kbc_news\kbc_news_index.htm --> par.cse.nsysu.edu.tw /usr/home/kbc/public_html/kbc_news kbc_news_index.htm
104.05.17 23:34 A c:\bridge\public_html\kbc_news\kbc268.txt --> par.cse.nsysu.edu.tw /usr/home/kbc/public_html/kbc_news kbc268.txt
104.05.17 23:34 A c:\bridge\public_html\kbc_news\kbc_news_index.htm --> par.cse.nsysu.edu.tw /usr/home/kbc/public_html/kbc_news kbc_news_index.htm
104.07.20 19:24 A c:\bridge\public_html\kbc_news\kbc268.txt --> par.cse.nsysu.edu.tw /usr/home/kbc/public_html kbc268.txt
104.07.20 19:24 A c:\bridge\public_html\kbc_news\kbc269.txt --> par.cse.nsysu.edu.tw /usr/home/kbc/public_html kbc269.txt
104.07.20 19:24 A c:\bridge\public_html\kbc_news\kbc268.txt --> par.cse.nsysu.edu.tw /usr/home/kbc/public_html/kbc_news kbc268.txt
104.07.20 19:24 A c:\bridge\public_html\kbc_news\kbc269.txt --> par.cse.nsysu.edu.tw /usr/home/kbc/public_html/kbc_news kbc269.txt
104.07.20 23:49 A c:\bridge\public_html\kbc_news\kbc269.txt --> par.cse.nsysu.edu.tw /usr/home/cbyang/pc kbc269.txt
104.07.20 23:50 A c:\bridge\public_html\kbc_news\kbc269.txt <-- par-cbyang /usr/home/cbyang/pc kbc269.txt
104.07.21 00:40 A c:\bridge\public_html\kbc_news\kbc269.txt <-- par-kbc /usr/home/kbc/public_html/kbc_news kbc269.txt
104.07.21 00:40 A c:\bridge\public_html\kbc_news\kbc270.txt <-- par-kbc /usr/home/kbc/public_html/kbc_news kbc270.txt
104.07.21 00:40 A c:\bridge\public_html\kbc_news\kbc_news_index.htm <-- par-kbc /usr/home/kbc/public_html/kbc_news kbc_news_index.htm
104.07.31 12:14 A c:\bridge\public_html\kbc_news\kbc270.txt --> par.cse.nsysu.edu.tw /usr/home/kbc/public_html/kbc_news kbc270.txt
104.07.31 12:14 A c:\bridge\public_html\kbc_news\kbc271.txt --> par.cse.nsysu.edu.tw /usr/home/kbc/public_html/kbc_news kbc271.txt
104.07.31 12:14 A c:\bridge\public_html\kbc_news\kbc_news_index.htm --> par.cse.nsysu.edu.tw /usr/home/kbc/public_html/kbc_news kbc_news_index.htm
104.09.16 17:17 A c:\bridge\public_html\kbc_news\kbc272.txt --> par.cse.nsysu.edu.tw /usr/home/kbc/public_html/kbc_news kbc272.txt
104.09.16 17:17 A c:\bridge\public_html\kbc_news\kbc_news_index.htm --> par.cse.nsysu.edu.tw /usr/home/kbc/public_html/kbc_news kbc_news_index.htm
104.10.24 00:20 A c:\bridge\public_html\kbc_news\kbc272.txt <-- par-kbc /usr/home/kbc/public_html/kbc_news kbc272.txt
104.10.24 01:27 A c:\bridge\public_html\kbc_news\kbc272.txt <-- par-kbc /usr/home/kbc/public_html/kbc_news kbc272.txt
104.10.24 01:27 A c:\bridge\public_html\kbc_news\kbc273.txt <-- par-kbc /usr/home/kbc/public_html/kbc_news kbc273.txt
104.10.24 01:27 A c:\bridge\public_html\kbc_news\kbc_news_index.htm <-- par-kbc /usr/home/kbc/public_html/kbc_news kbc_news_index.htm
104.11.15 22:06 A c:\bridge\public_html\kbc_news\kbc274.txt <-- par-kbc /usr/home/kbc/public_html/kbc_news kbc274.txt
104.11.15 22:06 A c:\bridge\public_html\kbc_news\kbc_news_index.htm <-- par-kbc /usr/home/kbc/public_html/kbc_news kbc_news_index.htm
104.12.04 20:58 A c:\bridge\public_html\kbc_news\kbc274.txt <-- par-kbc /usr/home/kbc/public_html/kbc_news kbc274.txt
104.12.04 20:58 A c:\bridge\public_html\kbc_news\kbc275.txt <-- par-kbc /usr/home/kbc/public_html/kbc_news kbc275.txt
104.12.04 20:58 A c:\bridge\public_html\kbc_news\kbc_news_index.htm <-- par-kbc /usr/home/kbc/public_html/kbc_news kbc_news_index.htm
105.01.13 17:38 B c:\bridge\public_html\kbc_news\kbc_news_index.htm --> par.cse.nsysu.edu.tw /usr/home/kbc/public_html/kbc_news kbc_news_index.htm
105.01.13 17:38 A c:\bridge\public_html\kbc_news\kbc276.txt --> par.cse.nsysu.edu.tw /usr/home/kbc/public_html/kbc_news kbc276.txt
105.02.07 01:37 A c:\bridge\public_html\kbc_news\kbc277.txt --> par.cse.nsysu.edu.tw /usr/home/kbc/public_html/kbc_news kbc277.txt
105.02.07 01:37 A c:\bridge\public_html\kbc_news\kbc_news_index.htm --> par.cse.nsysu.edu.tw /usr/home/kbc/public_html/kbc_news kbc_news_index.htm
105.03.03 20:55 A c:\bridge\public_html\kbc_news\kbc278.txt --> par.cse.nsysu.edu.tw /usr/home/kbc/public_html/kbc_news kbc278.txt
105.03.03 20:55 A c:\bridge\public_html\kbc_news\kbc_news_index.htm --> par.cse.nsysu.edu.tw /usr/home/kbc/public_html/kbc_news kbc_news_index.htm
105.03.23 17:35 A c:\bridge\public_html\kbc_news\kbc274.txt --> par.cse.nsysu.edu.tw /usr/home/kbc/public_html/kbc_news kbc274.txt
105.03.30 12:03 A c:\bridge\public_html\kbc_news\kbc279.txt --> par.cse.nsysu.edu.tw /usr/home/kbc/public_html/kbc_news kbc279.txt
105.03.30 12:03 A c:\bridge\public_html\kbc_news\kbc_news_index.htm --> par.cse.nsysu.edu.tw /usr/home/kbc/public_html/kbc_news kbc_news_index.htm
105.05.07 22:08 A c:\bridge\public_html\kbc_news\kbc280.txt --> par.cse.nsysu.edu.tw /usr/home/kbc/public_html/kbc_news kbc280.txt
105.05.07 22:08 A c:\bridge\public_html\kbc_news\kbc_news_index.htm --> par.cse.nsysu.edu.tw /usr/home/kbc/public_html/kbc_news kbc_news_index.htm
105.06.11 20:14 A c:\bridge\public_html\kbc_news\kbc281.txt --> par.cse.nsysu.edu.tw /usr/home/kbc/public_html/kbc_news kbc281.txt
105.06.11 20:14 A c:\bridge\public_html\kbc_news\kbc_news_index.htm --> par.cse.nsysu.edu.tw /usr/home/kbc/public_html/kbc_news kbc_news_index.htm
105.06.30 22:48 A c:\bridge\public_html\kbc_news\kbc282.txt --> par.cse.nsysu.edu.tw /usr/home/kbc/public_html/kbc_news kbc282.txt
105.06.30 22:48 A c:\bridge\public_html\kbc_news\kbc_news_index.htm --> par.cse.nsysu.edu.tw /usr/home/kbc/public_html/kbc_news kbc_news_index.htm
105.07.31 20:45 A c:\bridge\public_html\kbc_news\kbc283.txt --> par.cse.nsysu.edu.tw /usr/home/kbc/public_html/kbc_news kbc283.txt
105.07.31 20:45 A c:\bridge\public_html\kbc_news\kbc_news_index.htm --> par.cse.nsysu.edu.tw /usr/home/kbc/public_html/kbc_news kbc_news_index.htm
105.07.31 20:46 A c:\bridge\public_html\kbc_news\kbc_news_index.htm --> par.cse.nsysu.edu.tw /usr/home/kbc/public_html/kbc_news kbc_news_index.htm
105.07.31 20:46 A c:\bridge\public_html\kbc_news\kbc283.txt --> par.cse.nsysu.edu.tw /usr/home/kbc/public_html/kbc_news kbc283.txt
105.09.01 13:22 A c:\bridge\public_html\kbc_news\kbc284.txt --> par.cse.nsysu.edu.tw /usr/home/kbc/public_html/kbc_news kbc284.txt
105.09.01 13:22 A c:\bridge\public_html\kbc_news\kbc_news_index.htm --> par.cse.nsysu.edu.tw /usr/home/kbc/public_html/kbc_news kbc_news_index.htm
105.10.05 16:39 A c:\bridge\public_html\kbc_news\kbc285.txt --> par.cse.nsysu.edu.tw /usr/home/kbc/public_html/kbc_news kbc285.txt
105.10.05 16:39 A c:\bridge\public_html\kbc_news\kbc_news_index.htm --> par.cse.nsysu.edu.tw /usr/home/kbc/public_html/kbc_news kbc_news_index.htm
105.11.02 23:42 A c:\bridge\public_html\kbc_news\kbc286.txt --> par.cse.nsysu.edu.tw /usr/home/kbc/public_html/kbc_news kbc286.txt
105.11.02 23:42 A c:\bridge\public_html\kbc_news\kbc_news_index.htm --> par.cse.nsysu.edu.tw /usr/home/kbc/public_html/kbc_news kbc_news_index.htm
105.12.18 21:38 A c:\bridge\public_html\kbc_news\kbc287.txt --> par.cse.nsysu.edu.tw /usr/home/kbc/public_html/kbc_news kbc287.txt
105.12.18 21:38 A c:\bridge\public_html\kbc_news\kbc_news_index.htm --> par.cse.nsysu.edu.tw /usr/home/kbc/public_html/kbc_news kbc_news_index.htm
106.01.18 23:53 A c:\bridge\public_html\kbc_news\kbc288.txt --> par.cse.nsysu.edu.tw /usr/home/kbc/public_html/kbc_news kbc288.txt
106.01.18 23:53 A c:\bridge\public_html\kbc_news\kbc289.txt --> par.cse.nsysu.edu.tw /usr/home/kbc/public_html/kbc_news kbc289.txt
106.01.18 23:53 A c:\bridge\public_html\kbc_news\kbc_news_index.htm --> par.cse.nsysu.edu.tw /usr/home/kbc/public_html/kbc_news kbc_news_index.htm
106.03.08 13:43 A c:\bridge\public_html\kbc_news\kbc290.txt --> par.cse.nsysu.edu.tw /usr/home/kbc/public_html/kbc_news kbc290.txt
106.03.08 13:43 A c:\bridge\public_html\kbc_news\kbc_news_index.htm --> par.cse.nsysu.edu.tw /usr/home/kbc/public_html/kbc_news kbc_news_index.htm
106.04.10 17:35 A c:\bridge\public_html\kbc_news\kbc291.txt --> par.cse.nsysu.edu.tw /usr/home/kbc/public_html kbc291.txt
106.04.10 17:35 A c:\bridge\public_html\kbc_news\kbc_news_index.htm --> par.cse.nsysu.edu.tw /usr/home/kbc/public_html kbc_news_index.htm
106.04.10 17:36 A c:\bridge\public_html\kbc_news\kbc291.txt --> par.cse.nsysu.edu.tw /usr/home/kbc/public_html/kbc_news kbc291.txt
106.04.10 17:36 A c:\bridge\public_html\kbc_news\kbc_news_index.htm --> par.cse.nsysu.edu.tw /usr/home/kbc/public_html/kbc_news kbc_news_index.htm
106.04.10 17:38 A c:\bridge\public_html\kbc_news\kbc_news_index.htm --> par.cse.nsysu.edu.tw /usr/home/kbc/public_html/kbc_news kbc_news_index.htm
106.05.05 01:02 A c:\bridge\public_html\kbc_news\kbc292.txt --> par.cse.nsysu.edu.tw /usr/home/kbc/public_html kbc292.txt
106.05.05 01:02 A c:\bridge\public_html\kbc_news\kbc_news_index.htm --> par.cse.nsysu.edu.tw /usr/home/kbc/public_html kbc_news_index.htm
106.05.05 01:03 A c:\bridge\public_html\kbc_news\kbc292.txt --> par.cse.nsysu.edu.tw /usr/home/kbc/public_html kbc292.txt
106.05.05 01:03 A c:\bridge\public_html\kbc_news\kbc_news_index.htm --> par.cse.nsysu.edu.tw /usr/home/kbc/public_html kbc_news_index.htm
106.05.05 01:03 A c:\bridge\public_html\kbc_news\kbc292.txt --> par.cse.nsysu.edu.tw /usr/home/kbc/public_html/kbc_news kbc292.txt
106.05.05 01:03 A c:\bridge\public_html\kbc_news\kbc_news_index.htm --> par.cse.nsysu.edu.tw /usr/home/kbc/public_html/kbc_news kbc_news_index.htm
106.05.24 17:51 A c:\bridge\public_html\kbc_news\kbc204.txt --> par.cse.nsysu.edu.tw /usr/home/kbc/public_html/kbc_news kbc204.txt
106.05.24 17:51 A c:\bridge\public_html\kbc_news\kbc205.txt --> par.cse.nsysu.edu.tw /usr/home/kbc/public_html/kbc_news kbc205.txt
106.05.24 17:51 A c:\bridge\public_html\kbc_news\kbc206.txt --> par.cse.nsysu.edu.tw /usr/home/kbc/public_html/kbc_news kbc206.txt
106.05.24 17:51 A c:\bridge\public_html\kbc_news\kbc207.txt --> par.cse.nsysu.edu.tw /usr/home/kbc/public_html/kbc_news kbc207.txt
106.05.24 17:51 A c:\bridge\public_html\kbc_news\kbc208.txt --> par.cse.nsysu.edu.tw /usr/home/kbc/public_html/kbc_news kbc208.txt
106.05.24 17:51 A c:\bridge\public_html\kbc_news\kbc209.txt --> par.cse.nsysu.edu.tw /usr/home/kbc/public_html/kbc_news kbc209.txt
106.05.24 17:51 A c:\bridge\public_html\kbc_news\kbc210.txt --> par.cse.nsysu.edu.tw /usr/home/kbc/public_html/kbc_news kbc210.txt
106.05.24 17:51 A c:\bridge\public_html\kbc_news\kbc211.txt --> par.cse.nsysu.edu.tw /usr/home/kbc/public_html/kbc_news kbc211.txt
106.05.24 17:51 A c:\bridge\public_html\kbc_news\kbc212.txt --> par.cse.nsysu.edu.tw /usr/home/kbc/public_html/kbc_news kbc212.txt
106.05.24 17:51 A c:\bridge\public_html\kbc_news\kbc213.txt --> par.cse.nsysu.edu.tw /usr/home/kbc/public_html/kbc_news kbc213.txt
106.05.24 17:51 A c:\bridge\public_html\kbc_news\kbc214.txt --> par.cse.nsysu.edu.tw /usr/home/kbc/public_html/kbc_news kbc214.txt
106.05.24 17:51 A c:\bridge\public_html\kbc_news\kbc215.txt --> par.cse.nsysu.edu.tw /usr/home/kbc/public_html/kbc_news kbc215.txt
106.05.25 22:19 A c:\bridge\public_html\kbc_news\kbc293.txt --> par.cse.nsysu.edu.tw /usr/home/kbc/public_html/kbc_news kbc293.txt
106.05.25 22:19 A c:\bridge\public_html\kbc_news\kbc_news_index.htm --> par.cse.nsysu.edu.tw /usr/home/kbc/public_html/kbc_news kbc_news_index.htm
106.07.14 14:32 B c:\bridge\public_html\kbc_news\kbc294-6.jpg --> par.cse.nsysu.edu.tw /usr/home/kbc/public_html/kbc_news kbc294-6.jpg
106.07.14 14:32 B c:\bridge\public_html\kbc_news\kbc294-7.jpg --> par.cse.nsysu.edu.tw /usr/home/kbc/public_html/kbc_news kbc294-7.jpg
106.07.14 14:32 B c:\bridge\public_html\kbc_news\kbc294-8.jpg --> par.cse.nsysu.edu.tw /usr/home/kbc/public_html/kbc_news kbc294-8.jpg
106.07.14 14:32 A c:\bridge\public_html\kbc_news\kbc294.txt --> par.cse.nsysu.edu.tw /usr/home/kbc/public_html/kbc_news kbc294.txt
106.07.14 14:32 A c:\bridge\public_html\kbc_news\kbc_news_index.htm --> par.cse.nsysu.edu.tw /usr/home/kbc/public_html/kbc_news kbc_news_index.htm
106.07.14 14:35 B c:\bridge\public_html\kbc_news\kbc294-6.jpg --> par.cse.nsysu.edu.tw /usr/home/kbc/public_html/kbc_news kbc294-6.jpg
106.07.14 14:35 B c:\bridge\public_html\kbc_news\kbc294-7.jpg --> par.cse.nsysu.edu.tw /usr/home/kbc/public_html/kbc_news kbc294-7.jpg
106.07.14 14:35 B c:\bridge\public_html\kbc_news\kbc294-8.jpg --> par.cse.nsysu.edu.tw /usr/home/kbc/public_html/kbc_news kbc294-8.jpg
106.07.14 14:35 A c:\bridge\public_html\kbc_news\kbc294.txt --> par.cse.nsysu.edu.tw /usr/home/kbc/public_html/kbc_news kbc294.txt
106.07.14 14:35 A c:\bridge\public_html\kbc_news\kbc_news_index.htm --> par.cse.nsysu.edu.tw /usr/home/kbc/public_html/kbc_news kbc_news_index.htm
106.08.12 21:51 B c:\bridge\public_html\kbc_news\kbc295-2.jpg --> par.cse.nsysu.edu.tw /usr/home/kbc/public_html/kbc_news kbc295-2.jpg
106.08.12 21:51 B c:\bridge\public_html\kbc_news\kbc295-3.jpg --> par.cse.nsysu.edu.tw /usr/home/kbc/public_html/kbc_news kbc295-3.jpg
106.08.12 21:51 B c:\bridge\public_html\kbc_news\kbc295-4.jpg --> par.cse.nsysu.edu.tw /usr/home/kbc/public_html/kbc_news kbc295-4.jpg
106.08.12 21:51 B c:\bridge\public_html\kbc_news\kbc295-5.jpg --> par.cse.nsysu.edu.tw /usr/home/kbc/public_html/kbc_news kbc295-5.jpg
106.08.12 21:51 B c:\bridge\public_html\kbc_news\kbc295-6.jpg --> par.cse.nsysu.edu.tw /usr/home/kbc/public_html/kbc_news kbc295-6.jpg
106.08.12 21:51 B c:\bridge\public_html\kbc_news\kbc295-7.jpg --> par.cse.nsysu.edu.tw /usr/home/kbc/public_html/kbc_news kbc295-7.jpg
106.08.12 21:51 B c:\bridge\public_html\kbc_news\kbc295-8.jpg --> par.cse.nsysu.edu.tw /usr/home/kbc/public_html/kbc_news kbc295-8.jpg
106.08.12 21:51 A c:\bridge\public_html\kbc_news\kbc295.txt --> par.cse.nsysu.edu.tw /usr/home/kbc/public_html/kbc_news kbc295.txt
106.08.12 21:51 A c:\bridge\public_html\kbc_news\kbc_news_index.htm --> par.cse.nsysu.edu.tw /usr/home/kbc/public_html/kbc_news kbc_news_index.htm
106.08.16 23:10 A c:\bridge\public_html\kbc_news\kbc_news_index.htm --> par.cse.nsysu.edu.tw /usr/home/kbc/public_html/kbc_news kbc_news_index.htm
106.10.11 22:51 B c:\bridge\public_html\kbc_news\kbc294_6~8.pdf --> par.cse.nsysu.edu.tw /usr/home/kbc/public_html/kbc_news kbc294_6~8.pdf
106.10.11 22:51 A c:\bridge\public_html\kbc_news\kbc295.txt --> par.cse.nsysu.edu.tw /usr/home/kbc/public_html/kbc_news kbc295.txt
106.10.11 22:51 B c:\bridge\public_html\kbc_news\kbc295_2~3.pdf --> par.cse.nsysu.edu.tw /usr/home/kbc/public_html/kbc_news kbc295_2~3.pdf
106.10.11 22:51 B c:\bridge\public_html\kbc_news\kbc296.pdf --> par.cse.nsysu.edu.tw /usr/home/kbc/public_html/kbc_news kbc296.pdf
106.10.11 22:51 B c:\bridge\public_html\kbc_news\kbc297.pdf --> par.cse.nsysu.edu.tw /usr/home/kbc/public_html/kbc_news kbc297.pdf
106.10.11 22:51 A c:\bridge\public_html\kbc_news\kbc_news_index.htm --> par.cse.nsysu.edu.tw /usr/home/kbc/public_html/kbc_news kbc_news_index.htm
106.11.01 17:40 B c:\bridge\public_html\kbc_news\kbc297.pdf --> par.cse.nsysu.edu.tw /usr/home/kbc/public_html/kbc_news kbc297.pdf
106.11.01 17:40 B c:\bridge\public_html\kbc_news\kbc298.pdf --> par.cse.nsysu.edu.tw /usr/home/kbc/public_html/kbc_news kbc298.pdf
106.11.01 17:40 A c:\bridge\public_html\kbc_news\kbc_news_index.htm --> par.cse.nsysu.edu.tw /usr/home/kbc/public_html/kbc_news kbc_news_index.htm
106.11.06 17:39 B c:\bridge\public_html\kbc_news\kbc298.pdf --> par.cse.nsysu.edu.tw /usr/home/kbc/public_html/kbc_news kbc298.pdf
106.11.27 22:26 B c:\bridge\public_html\kbc_news\kbc299.pdf --> par.cse.nsysu.edu.tw /usr/home/kbc/public_html/kbc_news kbc299.pdf
106.11.27 22:26 A c:\bridge\public_html\kbc_news\kbc_news_index.htm --> par.cse.nsysu.edu.tw /usr/home/kbc/public_html/kbc_news kbc_news_index.htm
107.01.04 12:35 B c:\bridge\public_html\kbc_news\kbc300.pdf --> par.cse.nsysu.edu.tw /usr/home/kbc/public_html/kbc_news kbc300.pdf
107.01.04 12:35 A c:\bridge\public_html\kbc_news\kbc_news_index.htm --> par.cse.nsysu.edu.tw /usr/home/kbc/public_html/kbc_news kbc_news_index.htm
107.01.05 09:55 B c:\bridge\public_html\kbc_news\kbc300.pdf --> par.cse.nsysu.edu.tw /usr/home/kbc/public_html/kbc_news kbc300.pdf
107.02.09 01:30 B c:\bridge\public_html\kbc_news\kbc301.pdf --> par.cse.nsysu.edu.tw /usr/home/kbc/public_html/kbc_news kbc301.pdf
107.02.09 01:30 A c:\bridge\public_html\kbc_news\kbc_news_index.htm --> par.cse.nsysu.edu.tw /usr/home/kbc/public_html/kbc_news kbc_news_index.htm
107.03.19 21:55 B c:\bridge\public_html\kbc_news\kbc302.pdf --> par.cse.nsysu.edu.tw /usr/home/kbc/public_html/kbc_news kbc302.pdf
107.03.19 21:55 A c:\bridge\public_html\kbc_news\kbc_news_index.htm --> par.cse.nsysu.edu.tw /usr/home/kbc/public_html/kbc_news kbc_news_index.htm
107.04.15 23:34 B c:\bridge\public_html\kbc_news\kbc303.pdf --> par.cse.nsysu.edu.tw /usr/home/kbc/public_html/kbc_news kbc303.pdf
107.04.15 23:34 A c:\bridge\public_html\kbc_news\kbc_news_index.htm --> par.cse.nsysu.edu.tw /usr/home/kbc/public_html/kbc_news kbc_news_index.htm
107.05.13 20:05 B c:\bridge\public_html\kbc_news\kbc304.pdf --> par.cse.nsysu.edu.tw /usr/home/kbc/public_html/kbc_news kbc304.pdf
107.05.13 20:05 A c:\bridge\public_html\kbc_news\kbc_news_index.htm --> par.cse.nsysu.edu.tw /usr/home/kbc/public_html/kbc_news kbc_news_index.htm
107.06.03 21:48 B c:\bridge\public_html\kbc_news\kbc305.pdf --> par.cse.nsysu.edu.tw /usr/home/kbc/public_html/kbc_news kbc305.pdf
107.06.03 21:48 A c:\bridge\public_html\kbc_news\kbc_news_index.htm --> par.cse.nsysu.edu.tw /usr/home/kbc/public_html/kbc_news kbc_news_index.htm
107.07.10 13:30 B c:\bridge\public_html\kbc_news\kbc306.pdf --> par.cse.nsysu.edu.tw /usr/home/kbc/public_html/kbc_news kbc306.pdf
107.07.10 13:30 A c:\bridge\public_html\kbc_news\kbc_news_index.htm --> par.cse.nsysu.edu.tw /usr/home/kbc/public_html/kbc_news kbc_news_index.htm
107.07.10 13:33 B c:\bridge\public_html\kbc_news\kbc306.pdf --> par.cse.nsysu.edu.tw /usr/home/kbc/public_html/kbc_news kbc306.pdf
107.08.18 11:29 B c:\bridge\public_html\kbc_news\kbc307.pdf --> par.cse.nsysu.edu.tw /usr/home/kbc/public_html/kbc_news kbc307.pdf
107.08.18 11:29 A c:\bridge\public_html\kbc_news\kbc_news_index.htm --> par.cse.nsysu.edu.tw /usr/home/kbc/public_html/kbc_news kbc_news_index.htm
107.10.03 12:53 B c:\bridge\public_html\kbc_news\kbc308.pdf --> par.cse.nsysu.edu.tw /usr/home/kbc/public_html/kbc_news kbc308.pdf
107.10.03 12:53 B c:\bridge\public_html\kbc_news\kbc309.pdf --> par.cse.nsysu.edu.tw /usr/home/kbc/public_html/kbc_news kbc309.pdf
107.10.03 12:53 A c:\bridge\public_html\kbc_news\kbc_news_index.htm --> par.cse.nsysu.edu.tw /usr/home/kbc/public_html/kbc_news kbc_news_index.htm
107.12.03 22:41 B c:\bridge\public_html\kbc_news\kbc310.pdf --> par.cse.nsysu.edu.tw /usr/home/kbc/public_html/kbc_news kbc310.pdf
107.12.03 22:41 B c:\bridge\public_html\kbc_news\kbc311.pdf --> par.cse.nsysu.edu.tw /usr/home/kbc/public_html/kbc_news kbc311.pdf
107.12.03 22:41 A c:\bridge\public_html\kbc_news\kbc_news_index.htm --> par.cse.nsysu.edu.tw /usr/home/kbc/public_html/kbc_news kbc_news_index.htm
108.01.06 23:04 B c:\bridge\public_html\kbc_news\kbc312.pdf --> par.cse.nsysu.edu.tw /usr/home/kbc/public_html/kbc_news kbc312.pdf
108.01.06 23:04 A c:\bridge\public_html\kbc_news\kbc_news_index.htm --> par.cse.nsysu.edu.tw /usr/home/kbc/public_html/kbc_news kbc_news_index.htm
108.01.06 23:15 A c:\bridge\public_html\kbc_news\kbc_news_index.htm --> par.cse.nsysu.edu.tw /usr/home/kbc/public_html/kbc_news kbc_news_index.htm
108.02.04 19:50 B c:\bridge\public_html\kbc_news\kbc313.pdf --> par.cse.nsysu.edu.tw /usr/home/kbc/public_html/kbc_news kbc313.pdf
108.02.04 19:50 A c:\bridge\public_html\kbc_news\kbc_news_index.htm --> par.cse.nsysu.edu.tw /usr/home/kbc/public_html/kbc_news kbc_news_index.htm
108.03.16 13:57 B c:\bridge\public_html\kbc_news\kbc314.pdf --> par.cse.nsysu.edu.tw /usr/home/kbc/public_html/kbc_news kbc314.pdf
108.03.16 13:57 A c:\bridge\public_html\kbc_news\kbc_news_index.htm --> par.cse.nsysu.edu.tw /usr/home/kbc/public_html/kbc_news kbc_news_index.htm
108.05.19 22:56 B c:\bridge\public_html\kbc_news\kbc315.pdf --> par.cse.nsysu.edu.tw /usr/home/kbc/public_html/kbc_news kbc315.pdf
108.05.19 22:56 B c:\bridge\public_html\kbc_news\kbc316.pdf --> par.cse.nsysu.edu.tw /usr/home/kbc/public_html/kbc_news kbc316.pdf
108.05.19 22:56 B c:\bridge\public_html\kbc_news\kbc_news_index.htm --> par.cse.nsysu.edu.tw /usr/home/kbc/public_html/kbc_news kbc_news_index.htm
108.07.23 18:23 B c:\bridge\public_html\kbc_news\kbc318.pdf --> par.cse.nsysu.edu.tw /usr/home/kbc/public_html/kbc_news kbc318.pdf
108.07.23 18:23 B c:\bridge\public_html\kbc_news\kbc_news_index.htm --> par.cse.nsysu.edu.tw /usr/home/kbc/public_html/kbc_news kbc_news_index.htm
108.07.29 10:08 B c:\bridge\public_html\kbc_news\kbc317.pdf --> par.cse.nsysu.edu.tw /usr/home/kbc/public_html/kbc_news kbc317.pdf
108.07.29 10:08 B c:\bridge\public_html\kbc_news\kbc_news_index.htm --> par.cse.nsysu.edu.tw /usr/home/kbc/public_html/kbc_news kbc_news_index.htm
108.07.29 10:24 B c:\bridge\public_html\kbc_news\kbc_news_index.htm --> par.cse.nsysu.edu.tw /usr/home/kbc/public_html/kbc_news kbc_news_index.htm
108.08.11 17:36 B c:\bridge\public_html\kbc_news\kbc319.pdf --> par.cse.nsysu.edu.tw /usr/home/kbc/public_html/kbc_news kbc319.pdf
108.08.11 17:36 B c:\bridge\public_html\kbc_news\kbc_news_index.htm --> par.cse.nsysu.edu.tw /usr/home/kbc/public_html/kbc_news kbc_news_index.htm
108.09.09 18:24 B c:\bridge\public_html\kbc_news\kbc320.pdf --> par.cse.nsysu.edu.tw /usr/home/kbc/public_html/kbc_news kbc320.pdf
108.09.09 18:24 B c:\bridge\public_html\kbc_news\kbc_news_index.htm --> par.cse.nsysu.edu.tw /usr/home/kbc/public_html/kbc_news kbc_news_index.htm
108.11.12 11:54 B c:\bridge\public_html\kbc_news\kbc321.pdf --> par.cse.nsysu.edu.tw /usr/home/kbc/public_html/kbc_news kbc321.pdf
108.11.12 11:54 B c:\bridge\public_html\kbc_news\kbc322.pdf --> par.cse.nsysu.edu.tw /usr/home/kbc/public_html/kbc_news kbc322.pdf
108.11.12 11:54 B c:\bridge\public_html\kbc_news\kbc_news_index.htm --> par.cse.nsysu.edu.tw /usr/home/kbc/public_html/kbc_news kbc_news_index.htm
108.11.12 12:04 B c:\bridge\public_html\kbc_news\kbc321.pdf --> par.cse.nsysu.edu.tw /usr/home/kbc/public_html/kbc_news kbc321.pdf
108.11.12 12:04 B c:\bridge\public_html\kbc_news\kbc322.pdf --> par.cse.nsysu.edu.tw /usr/home/kbc/public_html/kbc_news kbc322.pdf
108.11.12 12:04 B c:\bridge\public_html\kbc_news\kbc_news_index.htm --> par.cse.nsysu.edu.tw /usr/home/kbc/public_html/kbc_news kbc_news_index.htm
108.11.17 21:29 B c:\bridge\public_html\kbc_news\kbc322.pdf --> par.cse.nsysu.edu.tw /usr/home/kbc/public_html/kbc_news kbc322.pdf
109.01.19 14:37 B c:\bridge\public_html\kbc_news\kbc323.pdf --> par.cse.nsysu.edu.tw /usr/home/kbc/public_html/kbc_news kbc323.pdf
109.01.19 14:37 B c:\bridge\public_html\kbc_news\kbc324.pdf --> par.cse.nsysu.edu.tw /usr/home/kbc/public_html/kbc_news kbc324.pdf
109.01.19 14:37 B c:\bridge\public_html\kbc_news\kbc_news_index.htm --> par.cse.nsysu.edu.tw /usr/home/kbc/public_html/kbc_news kbc_news_index.htm
109.04.07 15:35 B c:\bridge\public_html\kbc_news\kbc_news_index.htm --> par.cse.nsysu.edu.tw /usr/home/kbc/public_html/kbc_news kbc_news_index.htm
109.04.07 15:35 B c:\bridge\public_html\kbc_news\kbc326.pdf --> par.cse.nsysu.edu.tw /usr/home/kbc/public_html/kbc_news kbc326.pdf
109.04.07 15:35 B c:\bridge\public_html\kbc_news\kbc327.pdf --> par.cse.nsysu.edu.tw /usr/home/kbc/public_html/kbc_news kbc327.pdf
109.04.10 00:08 B c:\bridge\public_html\kbc_news\kbc325.pdf --> par.cse.nsysu.edu.tw /usr/home/kbc/public_html kbc325.pdf
109.04.10 00:08 B c:\bridge\public_html\kbc_news\kbc_news_index.htm --> par.cse.nsysu.edu.tw /usr/home/kbc/public_html kbc_news_index.htm
109.04.10 00:10 B c:\bridge\public_html\kbc_news\kbc325.pdf --> par.cse.nsysu.edu.tw /usr/home/kbc/public_html/kbc_news kbc325.pdf
109.04.10 00:10 B c:\bridge\public_html\kbc_news\kbc_news_index.htm --> par.cse.nsysu.edu.tw /usr/home/kbc/public_html/kbc_news kbc_news_index.htm
109.04.30 19:48 B c:\bridge\public_html\kbc_news\kbc327.pdf --> par.cse.nsysu.edu.tw /usr/home/kbc/public_html/kbc_news kbc327.pdf
109.06.19 01:39 B c:\bridge\public_html\kbc_news\kbc328.pdf --> par.cse.nsysu.edu.tw /usr/home/kbc/public_html/kbc_news kbc328.pdf
109.06.19 01:39 B c:\bridge\public_html\kbc_news\kbc329.pdf --> par.cse.nsysu.edu.tw /usr/home/kbc/public_html/kbc_news kbc329.pdf
109.06.19 01:39 B c:\bridge\public_html\kbc_news\kbc_news_index.htm --> par.cse.nsysu.edu.tw /usr/home/kbc/public_html/kbc_news kbc_news_index.htm
109.08.11 01:20 B c:\bridge\public_html\kbc_news\kbc330.pdf --> par.cse.nsysu.edu.tw /home/kbc/public_html/kbc_news kbc330.pdf
109.08.11 01:20 B c:\bridge\public_html\kbc_news\kbc331.pdf --> par.cse.nsysu.edu.tw /home/kbc/public_html/kbc_news kbc331.pdf
109.08.11 01:20 B c:\bridge\public_html\kbc_news\kbc_news_index.htm --> par.cse.nsysu.edu.tw /home/kbc/public_html/kbc_news kbc_news_index.htm
109.09.22 18:58 B c:\bridge\public_html\kbc_news\kbc_news_index.htm --> par.cse.nsysu.edu.tw /home/kbc/public_html/kbc_news kbc_news_index.htm
109.09.22 18:58 B c:\bridge\public_html\kbc_news\kbc332.pdf --> par.cse.nsysu.edu.tw /home/kbc/public_html/kbc_news kbc332.pdf
