106.07.15 22:43 B c:\bridge\public_html\news\0603yeh\img\back.gif --> par.cse.nsysu.edu.tw /usr/home/kbc/public_html/news/0603yeh/img back.gif
106.07.15 22:43 B c:\bridge\public_html\news\0603yeh\img\c.jpg --> par.cse.nsysu.edu.tw /usr/home/kbc/public_html/news/0603yeh/img c.jpg
106.07.15 22:43 B c:\bridge\public_html\news\0603yeh\img\click.gif --> par.cse.nsysu.edu.tw /usr/home/kbc/public_html/news/0603yeh/img click.gif
106.07.15 22:43 B c:\bridge\public_html\news\0603yeh\img\d.jpg --> par.cse.nsysu.edu.tw /usr/home/kbc/public_html/news/0603yeh/img d.jpg
106.07.15 22:43 B c:\bridge\public_html\news\0603yeh\img\h.jpg --> par.cse.nsysu.edu.tw /usr/home/kbc/public_html/news/0603yeh/img h.jpg
106.07.15 22:43 B c:\bridge\public_html\news\0603yeh\img\indonesia.gif --> par.cse.nsysu.edu.tw /usr/home/kbc/public_html/news/0603yeh/img indonesia.gif
106.07.15 22:43 B c:\bridge\public_html\news\0603yeh\img\next.gif --> par.cse.nsysu.edu.tw /usr/home/kbc/public_html/news/0603yeh/img next.gif
106.07.15 22:43 B c:\bridge\public_html\news\0603yeh\img\nsew.gif --> par.cse.nsysu.edu.tw /usr/home/kbc/public_html/news/0603yeh/img nsew.gif
106.07.15 22:43 B c:\bridge\public_html\news\0603yeh\img\poland.gif --> par.cse.nsysu.edu.tw /usr/home/kbc/public_html/news/0603yeh/img poland.gif
106.07.15 22:43 B c:\bridge\public_html\news\0603yeh\img\s.jpg --> par.cse.nsysu.edu.tw /usr/home/kbc/public_html/news/0603yeh/img s.jpg
106.07.15 22:43 B c:\bridge\public_html\news\0603yeh\img\singapore.gif --> par.cse.nsysu.edu.tw /usr/home/kbc/public_html/news/0603yeh/img singapore.gif
106.07.15 22:43 B c:\bridge\public_html\news\0603yeh\img\Thumbs.db --> par.cse.nsysu.edu.tw /usr/home/kbc/public_html/news/0603yeh/img Thumbs.db
106.07.15 22:43 B c:\bridge\public_html\news\0603yeh\img\yeh01.jpg --> par.cse.nsysu.edu.tw /usr/home/kbc/public_html/news/0603yeh/img yeh01.jpg
106.07.15 22:43 B c:\bridge\public_html\news\0603yeh\img\yeh02.jpg --> par.cse.nsysu.edu.tw /usr/home/kbc/public_html/news/0603yeh/img yeh02.jpg
106.07.15 22:43 B c:\bridge\public_html\news\0603yeh\img\yeh03.jpg --> par.cse.nsysu.edu.tw /usr/home/kbc/public_html/news/0603yeh/img yeh03.jpg
106.07.15 22:43 B c:\bridge\public_html\news\0603yeh\img\yeh04.jpg --> par.cse.nsysu.edu.tw /usr/home/kbc/public_html/news/0603yeh/img yeh04.jpg
106.07.15 22:43 B c:\bridge\public_html\news\0603yeh\img\yeh05.jpg --> par.cse.nsysu.edu.tw /usr/home/kbc/public_html/news/0603yeh/img yeh05.jpg
106.07.15 22:43 B c:\bridge\public_html\news\0603yeh\img\yeh06.jpg --> par.cse.nsysu.edu.tw /usr/home/kbc/public_html/news/0603yeh/img yeh06.jpg
106.07.15 22:43 B c:\bridge\public_html\news\0603yeh\img\yeh07.jpg --> par.cse.nsysu.edu.tw /usr/home/kbc/public_html/news/0603yeh/img yeh07.jpg
106.07.15 22:43 B c:\bridge\public_html\news\0603yeh\img\yeh08.jpg --> par.cse.nsysu.edu.tw /usr/home/kbc/public_html/news/0603yeh/img yeh08.jpg
106.07.15 22:43 B c:\bridge\public_html\news\0603yeh\img\yeh09.jpg --> par.cse.nsysu.edu.tw /usr/home/kbc/public_html/news/0603yeh/img yeh09.jpg
106.07.15 22:43 B c:\bridge\public_html\news\0603yeh\img\yeh10.jpg --> par.cse.nsysu.edu.tw /usr/home/kbc/public_html/news/0603yeh/img yeh10.jpg
106.07.15 22:43 B c:\bridge\public_html\news\0603yeh\img\yeh11.jpg --> par.cse.nsysu.edu.tw /usr/home/kbc/public_html/news/0603yeh/img yeh11.jpg
106.07.15 22:43 B c:\bridge\public_html\news\0603yeh\img\yeh12.jpg --> par.cse.nsysu.edu.tw /usr/home/kbc/public_html/news/0603yeh/img yeh12.jpg
106.07.15 22:43 B c:\bridge\public_html\news\0603yeh\img\yeh13.jpg --> par.cse.nsysu.edu.tw /usr/home/kbc/public_html/news/0603yeh/img yeh13.jpg
106.07.15 22:43 B c:\bridge\public_html\news\0603yeh\img\yeh14.jpg --> par.cse.nsysu.edu.tw /usr/home/kbc/public_html/news/0603yeh/img yeh14.jpg
106.07.15 22:43 B c:\bridge\public_html\news\0603yeh\img\yeh15.jpg --> par.cse.nsysu.edu.tw /usr/home/kbc/public_html/news/0603yeh/img yeh15.jpg
106.07.15 22:43 B c:\bridge\public_html\news\0603yeh\img\yeh16.jpg --> par.cse.nsysu.edu.tw /usr/home/kbc/public_html/news/0603yeh/img yeh16.jpg
106.07.15 22:43 B c:\bridge\public_html\news\0603yeh\img\yeh17.jpg --> par.cse.nsysu.edu.tw /usr/home/kbc/public_html/news/0603yeh/img yeh17.jpg
106.07.15 22:43 B c:\bridge\public_html\news\0603yeh\img\yeh18.jpg --> par.cse.nsysu.edu.tw /usr/home/kbc/public_html/news/0603yeh/img yeh18.jpg
106.07.15 22:43 B c:\bridge\public_html\news\0603yeh\img\yeh19.jpg --> par.cse.nsysu.edu.tw /usr/home/kbc/public_html/news/0603yeh/img yeh19.jpg
106.07.15 22:43 B c:\bridge\public_html\news\0603yeh\img\yeh20.jpg --> par.cse.nsysu.edu.tw /usr/home/kbc/public_html/news/0603yeh/img yeh20.jpg
106.07.15 22:43 B c:\bridge\public_html\news\0603yeh\img\yeh21.jpg --> par.cse.nsysu.edu.tw /usr/home/kbc/public_html/news/0603yeh/img yeh21.jpg
106.07.15 22:43 B c:\bridge\public_html\news\0603yeh\img\yeh22.jpg --> par.cse.nsysu.edu.tw /usr/home/kbc/public_html/news/0603yeh/img yeh22.jpg
106.07.15 22:43 B c:\bridge\public_html\news\0603yeh\img\yeh23.jpg --> par.cse.nsysu.edu.tw /usr/home/kbc/public_html/news/0603yeh/img yeh23.jpg
106.07.15 22:43 B c:\bridge\public_html\news\0603yeh\img\yeh24.jpg --> par.cse.nsysu.edu.tw /usr/home/kbc/public_html/news/0603yeh/img yeh24.jpg
106.07.15 22:43 B c:\bridge\public_html\news\0603yeh\img\yeh25.jpg --> par.cse.nsysu.edu.tw /usr/home/kbc/public_html/news/0603yeh/img yeh25.jpg
106.07.15 22:43 B c:\bridge\public_html\news\0603yeh\img\yeh26.jpg --> par.cse.nsysu.edu.tw /usr/home/kbc/public_html/news/0603yeh/img yeh26.jpg
106.07.15 22:43 B c:\bridge\public_html\news\0603yeh\img\yeh27.jpg --> par.cse.nsysu.edu.tw /usr/home/kbc/public_html/news/0603yeh/img yeh27.jpg
106.07.15 22:43 B c:\bridge\public_html\news\0603yeh\img\yeh28.jpg --> par.cse.nsysu.edu.tw /usr/home/kbc/public_html/news/0603yeh/img yeh28.jpg
106.07.15 22:43 B c:\bridge\public_html\news\0603yeh\img\yeh29.jpg --> par.cse.nsysu.edu.tw /usr/home/kbc/public_html/news/0603yeh/img yeh29.jpg
106.07.15 22:43 B c:\bridge\public_html\news\0603yeh\img\yeh30.jpg --> par.cse.nsysu.edu.tw /usr/home/kbc/public_html/news/0603yeh/img yeh30.jpg
106.07.15 22:43 B c:\bridge\public_html\news\0603yeh\img\yeh31.jpg --> par.cse.nsysu.edu.tw /usr/home/kbc/public_html/news/0603yeh/img yeh31.jpg
106.07.15 22:43 B c:\bridge\public_html\news\0603yeh\img\yeh32.jpg --> par.cse.nsysu.edu.tw /usr/home/kbc/public_html/news/0603yeh/img yeh32.jpg
106.07.15 22:43 B c:\bridge\public_html\news\0603yeh\img\yeh33.jpg --> par.cse.nsysu.edu.tw /usr/home/kbc/public_html/news/0603yeh/img yeh33.jpg
106.07.15 22:43 B c:\bridge\public_html\news\0603yeh\img\yeh34.jpg --> par.cse.nsysu.edu.tw /usr/home/kbc/public_html/news/0603yeh/img yeh34.jpg
106.07.15 22:43 B c:\bridge\public_html\news\0603yeh\img\yeh35.jpg --> par.cse.nsysu.edu.tw /usr/home/kbc/public_html/news/0603yeh/img yeh35.jpg
106.07.15 22:43 B c:\bridge\public_html\news\0603yeh\img\yeh36.jpg --> par.cse.nsysu.edu.tw /usr/home/kbc/public_html/news/0603yeh/img yeh36.jpg
106.07.15 22:43 B c:\bridge\public_html\news\0603yeh\img\yeh37.jpg --> par.cse.nsysu.edu.tw /usr/home/kbc/public_html/news/0603yeh/img yeh37.jpg
106.07.15 22:43 B c:\bridge\public_html\news\0603yeh\img\yeh38.jpg --> par.cse.nsysu.edu.tw /usr/home/kbc/public_html/news/0603yeh/img yeh38.jpg
106.07.15 22:43 B c:\bridge\public_html\news\0603yeh\img\yeh39.jpg --> par.cse.nsysu.edu.tw /usr/home/kbc/public_html/news/0603yeh/img yeh39.jpg
106.07.15 22:43 B c:\bridge\public_html\news\0603yeh\img\yeh40.jpg --> par.cse.nsysu.edu.tw /usr/home/kbc/public_html/news/0603yeh/img yeh40.jpg
106.07.15 22:43 B c:\bridge\public_html\news\0603yeh\img\yeh41.jpg --> par.cse.nsysu.edu.tw /usr/home/kbc/public_html/news/0603yeh/img yeh41.jpg
106.07.15 22:43 B c:\bridge\public_html\news\0603yeh\img\yeh42.jpg --> par.cse.nsysu.edu.tw /usr/home/kbc/public_html/news/0603yeh/img yeh42.jpg
106.07.15 22:43 B c:\bridge\public_html\news\0603yeh\img\yeh43.jpg --> par.cse.nsysu.edu.tw /usr/home/kbc/public_html/news/0603yeh/img yeh43.jpg
106.07.15 22:43 B c:\bridge\public_html\news\0603yeh\img\yeh44.jpg --> par.cse.nsysu.edu.tw /usr/home/kbc/public_html/news/0603yeh/img yeh44.jpg
106.07.15 22:43 B c:\bridge\public_html\news\0603yeh\img\yeh45.jpg --> par.cse.nsysu.edu.tw /usr/home/kbc/public_html/news/0603yeh/img yeh45.jpg
106.07.15 22:43 B c:\bridge\public_html\news\0603yeh\img\yeh46.jpg --> par.cse.nsysu.edu.tw /usr/home/kbc/public_html/news/0603yeh/img yeh46.jpg
106.07.15 22:43 B c:\bridge\public_html\news\0603yeh\img\yeh47.jpg --> par.cse.nsysu.edu.tw /usr/home/kbc/public_html/news/0603yeh/img yeh47.jpg
106.07.15 22:43 B c:\bridge\public_html\news\0603yeh\img\yeh48.jpg --> par.cse.nsysu.edu.tw /usr/home/kbc/public_html/news/0603yeh/img yeh48.jpg
106.07.15 22:43 B c:\bridge\public_html\news\0603yeh\img\yeh49.jpg --> par.cse.nsysu.edu.tw /usr/home/kbc/public_html/news/0603yeh/img yeh49.jpg
106.07.15 22:43 B c:\bridge\public_html\news\0603yeh\img\yeh50.jpg --> par.cse.nsysu.edu.tw /usr/home/kbc/public_html/news/0603yeh/img yeh50.jpg
106.07.15 22:43 B c:\bridge\public_html\news\0603yeh\img\yeh51.jpg --> par.cse.nsysu.edu.tw /usr/home/kbc/public_html/news/0603yeh/img yeh51.jpg
106.07.15 22:43 B c:\bridge\public_html\news\0603yeh\img\yeh52.jpg --> par.cse.nsysu.edu.tw /usr/home/kbc/public_html/news/0603yeh/img yeh52.jpg
106.07.15 22:43 B c:\bridge\public_html\news\0603yeh\img\yeh53.jpg --> par.cse.nsysu.edu.tw /usr/home/kbc/public_html/news/0603yeh/img yeh53.jpg
106.07.15 22:43 B c:\bridge\public_html\news\0603yeh\img\yeh54.jpg --> par.cse.nsysu.edu.tw /usr/home/kbc/public_html/news/0603yeh/img yeh54.jpg
106.07.15 22:43 B c:\bridge\public_html\news\0603yeh\img\yeh55.jpg --> par.cse.nsysu.edu.tw /usr/home/kbc/public_html/news/0603yeh/img yeh55.jpg
106.07.15 22:43 B c:\bridge\public_html\news\0603yeh\img\yeh56.jpg --> par.cse.nsysu.edu.tw /usr/home/kbc/public_html/news/0603yeh/img yeh56.jpg
106.07.15 22:43 B c:\bridge\public_html\news\0603yeh\img\yeh57.jpg --> par.cse.nsysu.edu.tw /usr/home/kbc/public_html/news/0603yeh/img yeh57.jpg
106.07.15 22:43 B c:\bridge\public_html\news\0603yeh\img\yeh58.jpg --> par.cse.nsysu.edu.tw /usr/home/kbc/public_html/news/0603yeh/img yeh58.jpg
106.07.15 22:43 B c:\bridge\public_html\news\0603yeh\img\yeh59.jpg --> par.cse.nsysu.edu.tw /usr/home/kbc/public_html/news/0603yeh/img yeh59.jpg
106.07.15 22:43 B c:\bridge\public_html\news\0603yeh\img\yeh60.jpg --> par.cse.nsysu.edu.tw /usr/home/kbc/public_html/news/0603yeh/img yeh60.jpg
106.07.15 22:43 B c:\bridge\public_html\news\0603yeh\img\yeh61.jpg --> par.cse.nsysu.edu.tw /usr/home/kbc/public_html/news/0603yeh/img yeh61.jpg
106.07.15 22:43 B c:\bridge\public_html\news\0603yeh\img\yeh62.jpg --> par.cse.nsysu.edu.tw /usr/home/kbc/public_html/news/0603yeh/img yeh62.jpg
106.07.15 22:43 B c:\bridge\public_html\news\0603yeh\img\yeh63.jpg --> par.cse.nsysu.edu.tw /usr/home/kbc/public_html/news/0603yeh/img yeh63.jpg
106.07.15 22:43 B c:\bridge\public_html\news\0603yeh\img\yeh64.jpg --> par.cse.nsysu.edu.tw /usr/home/kbc/public_html/news/0603yeh/img yeh64.jpg
106.07.15 22:43 B c:\bridge\public_html\news\0603yeh\img\yeh65.jpg --> par.cse.nsysu.edu.tw /usr/home/kbc/public_html/news/0603yeh/img yeh65.jpg
106.07.15 22:43 B c:\bridge\public_html\news\0603yeh\img\yeh66.jpg --> par.cse.nsysu.edu.tw /usr/home/kbc/public_html/news/0603yeh/img yeh66.jpg
106.07.15 22:43 B c:\bridge\public_html\news\0603yeh\img\yeh67.jpg --> par.cse.nsysu.edu.tw /usr/home/kbc/public_html/news/0603yeh/img yeh67.jpg
106.07.15 22:43 B c:\bridge\public_html\news\0603yeh\img\yeh68.jpg --> par.cse.nsysu.edu.tw /usr/home/kbc/public_html/news/0603yeh/img yeh68.jpg
106.07.15 22:43 B c:\bridge\public_html\news\0603yeh\img\yeh69.jpg --> par.cse.nsysu.edu.tw /usr/home/kbc/public_html/news/0603yeh/img yeh69.jpg
106.07.15 22:43 B c:\bridge\public_html\news\0603yeh\img\yehtop.jpg --> par.cse.nsysu.edu.tw /usr/home/kbc/public_html/news/0603yeh/img yehtop.jpg
