99.12.22 10:03 B c:\bridge\public_html\images\ball.gif <-- par-kbc /usr/home/kbc/public_html/images ball.gif
99.12.22 10:03 B c:\bridge\public_html\images\dot.gif <-- par-kbc /usr/home/kbc/public_html/images dot.gif
99.12.22 10:03 B c:\bridge\public_html\images\dot2.gif <-- par-kbc /usr/home/kbc/public_html/images dot2.gif
99.12.22 10:03 B c:\bridge\public_html\images\dot3.gif <-- par-kbc /usr/home/kbc/public_html/images dot3.gif
99.12.22 10:03 B c:\bridge\public_html\images\dot4.gif <-- par-kbc /usr/home/kbc/public_html/images dot4.gif
99.12.22 10:03 B c:\bridge\public_html\images\dot5.gif <-- par-kbc /usr/home/kbc/public_html/images dot5.gif
99.12.22 10:03 B c:\bridge\public_html\images\dot6.gif <-- par-kbc /usr/home/kbc/public_html/images dot6.gif
99.12.22 10:03 B c:\bridge\public_html\images\hotnews.jpg <-- par-kbc /usr/home/kbc/public_html/images hotnews.jpg
99.12.22 10:03 B c:\bridge\public_html\images\kbc1.jpg <-- par-kbc /usr/home/kbc/public_html/images kbc1.jpg
99.12.22 10:03 B c:\bridge\public_html\images\kbc2.jpg <-- par-kbc /usr/home/kbc/public_html/images kbc2.jpg
99.12.22 10:03 B c:\bridge\public_html\images\kbc3.jpg <-- par-kbc /usr/home/kbc/public_html/images kbc3.jpg
99.12.22 10:03 B c:\bridge\public_html\images\kbc4.jpg <-- par-kbc /usr/home/kbc/public_html/images kbc4.jpg
99.12.22 10:03 B c:\bridge\public_html\images\kbctitle1.gif <-- par-kbc /usr/home/kbc/public_html/images kbctitle1.gif
99.12.22 10:03 B c:\bridge\public_html\images\kbctitle2.gif <-- par-kbc /usr/home/kbc/public_html/images kbctitle2.gif
99.12.22 10:03 B c:\bridge\public_html\images\kbctitle3.gif <-- par-kbc /usr/home/kbc/public_html/images kbctitle3.gif
99.12.22 10:03 B c:\bridge\public_html\images\kbctitle4.gif <-- par-kbc /usr/home/kbc/public_html/images kbctitle4.gif
99.12.22 10:03 B c:\bridge\public_html\images\kbctitle5.gif <-- par-kbc /usr/home/kbc/public_html/images kbctitle5.gif
99.12.22 10:03 B c:\bridge\public_html\images\kbctitle6.gif <-- par-kbc /usr/home/kbc/public_html/images kbctitle6.gif
99.12.22 10:03 B c:\bridge\public_html\images\new3.gif <-- par-kbc /usr/home/kbc/public_html/images new3.gif
99.12.22 10:03 B c:\bridge\public_html\images\shine.gif <-- par-kbc /usr/home/kbc/public_html/images shine.gif
99.12.22 10:03 B c:\bridge\public_html\images\高雄橋藝中心橋訊.jpg <-- par-kbc /usr/home/kbc/public_html/images 高雄橋藝中心橋訊.jpg
99.12.22 10:03 B c:\bridge\public_html\images\最新消息.jpg <-- par-kbc /usr/home/kbc/public_html/images 最新消息.jpg
99.12.22 10:03 B c:\bridge\public_html\images\橋藝相關網站.jpg <-- par-kbc /usr/home/kbc/public_html/images 橋藝相關網站.jpg
99.12.22 10:03 B c:\bridge\public_html\images\橋藝相關網站1.gif <-- par-kbc /usr/home/kbc/public_html/images 橋藝相關網站1.gif
99.12.22 10:03 B c:\bridge\public_html\images\橋藝相關網站2.gif <-- par-kbc /usr/home/kbc/public_html/images 橋藝相關網站2.gif
99.12.22 10:03 B c:\bridge\public_html\images\聯絡資訊.jpg <-- par-kbc /usr/home/kbc/public_html/images 聯絡資訊.jpg
100.06.05 16:24 B H:\bridge\public_html\images\ball.gif <-- par-kbc /usr/home/kbc/public_html/images ball.gif
100.06.05 16:24 B H:\bridge\public_html\images\classroom.gif <-- par-kbc /usr/home/kbc/public_html/images classroom.gif
100.06.05 16:24 B H:\bridge\public_html\images\dot.gif <-- par-kbc /usr/home/kbc/public_html/images dot.gif
100.06.05 16:24 B H:\bridge\public_html\images\dot2.gif <-- par-kbc /usr/home/kbc/public_html/images dot2.gif
100.06.05 16:24 B H:\bridge\public_html\images\dot3.gif <-- par-kbc /usr/home/kbc/public_html/images dot3.gif
100.06.05 16:24 B H:\bridge\public_html\images\dot4.gif <-- par-kbc /usr/home/kbc/public_html/images dot4.gif
100.06.05 16:24 B H:\bridge\public_html\images\dot5.gif <-- par-kbc /usr/home/kbc/public_html/images dot5.gif
100.06.05 16:24 B H:\bridge\public_html\images\dot6.gif <-- par-kbc /usr/home/kbc/public_html/images dot6.gif
100.06.05 16:24 B H:\bridge\public_html\images\hotnews.gif <-- par-kbc /usr/home/kbc/public_html/images hotnews.gif
100.06.05 16:24 B H:\bridge\public_html\images\hotnews.jpg <-- par-kbc /usr/home/kbc/public_html/images hotnews.jpg
100.06.05 16:24 B H:\bridge\public_html\images\i02.gif <-- par-kbc /usr/home/kbc/public_html/images i02.gif
100.06.05 16:24 B H:\bridge\public_html\images\info.gif <-- par-kbc /usr/home/kbc/public_html/images info.gif
100.06.05 16:24 B H:\bridge\public_html\images\kbc1.jpg <-- par-kbc /usr/home/kbc/public_html/images kbc1.jpg
100.06.05 16:24 B H:\bridge\public_html\images\kbc2.jpg <-- par-kbc /usr/home/kbc/public_html/images kbc2.jpg
100.06.05 16:24 B H:\bridge\public_html\images\kbc3.jpg <-- par-kbc /usr/home/kbc/public_html/images kbc3.jpg
100.06.05 16:24 B H:\bridge\public_html\images\kbc4.jpg <-- par-kbc /usr/home/kbc/public_html/images kbc4.jpg
100.06.05 16:24 B H:\bridge\public_html\images\kbccommuication.gif <-- par-kbc /usr/home/kbc/public_html/images kbccommuication.gif
100.06.05 16:24 B H:\bridge\public_html\images\kbctitle1.gif <-- par-kbc /usr/home/kbc/public_html/images kbctitle1.gif
100.06.05 16:24 B H:\bridge\public_html\images\kbctitle2.gif <-- par-kbc /usr/home/kbc/public_html/images kbctitle2.gif
100.06.05 16:24 B H:\bridge\public_html\images\kbctitle3.gif <-- par-kbc /usr/home/kbc/public_html/images kbctitle3.gif
100.06.05 16:24 B H:\bridge\public_html\images\kbctitle4.gif <-- par-kbc /usr/home/kbc/public_html/images kbctitle4.gif
100.06.05 16:24 B H:\bridge\public_html\images\kbctitle5.gif <-- par-kbc /usr/home/kbc/public_html/images kbctitle5.gif
100.06.05 16:24 B H:\bridge\public_html\images\kbctitle6.gif <-- par-kbc /usr/home/kbc/public_html/images kbctitle6.gif
100.06.05 16:24 B H:\bridge\public_html\images\membership.gif <-- par-kbc /usr/home/kbc/public_html/images membership.gif
100.06.05 16:24 B H:\bridge\public_html\images\new3.gif <-- par-kbc /usr/home/kbc/public_html/images new3.gif
100.06.05 16:24 B H:\bridge\public_html\images\redblue.gif <-- par-kbc /usr/home/kbc/public_html/images redblue.gif
100.06.05 16:24 B H:\bridge\public_html\images\shine.gif <-- par-kbc /usr/home/kbc/public_html/images shine.gif
100.06.05 16:24 B H:\bridge\public_html\images\tools.gif <-- par-kbc /usr/home/kbc/public_html/images tools.gif
100.06.05 16:24 B H:\bridge\public_html\images\webs.gif <-- par-kbc /usr/home/kbc/public_html/images webs.gif
100.06.05 16:24 B H:\bridge\public_html\images\橋藝相關網站1.gif <-- par-kbc /usr/home/kbc/public_html/images 橋藝相關網站1.gif
100.06.05 16:24 B H:\bridge\public_html\images\橋藝相關網站2.gif <-- par-kbc /usr/home/kbc/public_html/images 橋藝相關網站2.gif
100.09.14 19:02 B c:\bridge\public_html\images\hotnews.jpg <-- par-kbc /usr/home/kbc/public_html/images hotnews.jpg
100.09.14 19:02 B c:\bridge\public_html\images\kbc1.jpg <-- par-kbc /usr/home/kbc/public_html/images kbc1.jpg
100.09.14 19:02 B c:\bridge\public_html\images\kbc2.jpg <-- par-kbc /usr/home/kbc/public_html/images kbc2.jpg
100.09.14 19:02 B c:\bridge\public_html\images\kbc3.jpg <-- par-kbc /usr/home/kbc/public_html/images kbc3.jpg
100.09.14 19:02 B c:\bridge\public_html\images\kbc4.jpg <-- par-kbc /usr/home/kbc/public_html/images kbc4.jpg
