107.03.31 21:09 B c:\bridge\public_html\070331\070331.rar --> par.cse.nsysu.edu.tw /usr/home/kbc/public_html/070331 070331.rar
107.03.31 21:09 A c:\bridge\public_html\070331\IMG_0891.html --> par.cse.nsysu.edu.tw /usr/home/kbc/public_html/070331 IMG_0891.html
107.03.31 21:09 B c:\bridge\public_html\070331\IMG_0891.jpg --> par.cse.nsysu.edu.tw /usr/home/kbc/public_html/070331 IMG_0891.jpg
107.03.31 21:09 B c:\bridge\public_html\070331\IMG_0891_t.jpg --> par.cse.nsysu.edu.tw /usr/home/kbc/public_html/070331 IMG_0891_t.jpg
107.03.31 21:09 A c:\bridge\public_html\070331\IMG_0892.html --> par.cse.nsysu.edu.tw /usr/home/kbc/public_html/070331 IMG_0892.html
107.03.31 21:09 B c:\bridge\public_html\070331\IMG_0892.jpg --> par.cse.nsysu.edu.tw /usr/home/kbc/public_html/070331 IMG_0892.jpg
107.03.31 21:09 B c:\bridge\public_html\070331\IMG_0892_t.jpg --> par.cse.nsysu.edu.tw /usr/home/kbc/public_html/070331 IMG_0892_t.jpg
107.03.31 21:09 A c:\bridge\public_html\070331\IMG_0894.html --> par.cse.nsysu.edu.tw /usr/home/kbc/public_html/070331 IMG_0894.html
107.03.31 21:09 B c:\bridge\public_html\070331\IMG_0894.jpg --> par.cse.nsysu.edu.tw /usr/home/kbc/public_html/070331 IMG_0894.jpg
107.03.31 21:09 B c:\bridge\public_html\070331\IMG_0894_t.jpg --> par.cse.nsysu.edu.tw /usr/home/kbc/public_html/070331 IMG_0894_t.jpg
107.03.31 21:09 A c:\bridge\public_html\070331\IMG_0895.html --> par.cse.nsysu.edu.tw /usr/home/kbc/public_html/070331 IMG_0895.html
107.03.31 21:09 B c:\bridge\public_html\070331\IMG_0895.jpg --> par.cse.nsysu.edu.tw /usr/home/kbc/public_html/070331 IMG_0895.jpg
107.03.31 21:09 B c:\bridge\public_html\070331\IMG_0895_t.jpg --> par.cse.nsysu.edu.tw /usr/home/kbc/public_html/070331 IMG_0895_t.jpg
107.03.31 21:09 A c:\bridge\public_html\070331\IMG_0896.html --> par.cse.nsysu.edu.tw /usr/home/kbc/public_html/070331 IMG_0896.html
107.03.31 21:09 B c:\bridge\public_html\070331\IMG_0896.jpg --> par.cse.nsysu.edu.tw /usr/home/kbc/public_html/070331 IMG_0896.jpg
107.03.31 21:09 B c:\bridge\public_html\070331\IMG_0896_t.jpg --> par.cse.nsysu.edu.tw /usr/home/kbc/public_html/070331 IMG_0896_t.jpg
107.03.31 21:09 A c:\bridge\public_html\070331\IMG_0898.html --> par.cse.nsysu.edu.tw /usr/home/kbc/public_html/070331 IMG_0898.html
107.03.31 21:09 B c:\bridge\public_html\070331\IMG_0898.jpg --> par.cse.nsysu.edu.tw /usr/home/kbc/public_html/070331 IMG_0898.jpg
107.03.31 21:09 B c:\bridge\public_html\070331\IMG_0898_t.jpg --> par.cse.nsysu.edu.tw /usr/home/kbc/public_html/070331 IMG_0898_t.jpg
107.03.31 21:09 A c:\bridge\public_html\070331\IMG_0900.html --> par.cse.nsysu.edu.tw /usr/home/kbc/public_html/070331 IMG_0900.html
107.03.31 21:09 B c:\bridge\public_html\070331\IMG_0900.jpg --> par.cse.nsysu.edu.tw /usr/home/kbc/public_html/070331 IMG_0900.jpg
107.03.31 21:09 B c:\bridge\public_html\070331\IMG_0900_t.jpg --> par.cse.nsysu.edu.tw /usr/home/kbc/public_html/070331 IMG_0900_t.jpg
107.03.31 21:09 A c:\bridge\public_html\070331\IMG_0901.html --> par.cse.nsysu.edu.tw /usr/home/kbc/public_html/070331 IMG_0901.html
107.03.31 21:09 B c:\bridge\public_html\070331\IMG_0901.jpg --> par.cse.nsysu.edu.tw /usr/home/kbc/public_html/070331 IMG_0901.jpg
107.03.31 21:09 B c:\bridge\public_html\070331\IMG_0901_t.jpg --> par.cse.nsysu.edu.tw /usr/home/kbc/public_html/070331 IMG_0901_t.jpg
107.03.31 21:09 A c:\bridge\public_html\070331\IMG_0902.html --> par.cse.nsysu.edu.tw /usr/home/kbc/public_html/070331 IMG_0902.html
107.03.31 21:09 B c:\bridge\public_html\070331\IMG_0902.jpg --> par.cse.nsysu.edu.tw /usr/home/kbc/public_html/070331 IMG_0902.jpg
107.03.31 21:09 B c:\bridge\public_html\070331\IMG_0902_t.jpg --> par.cse.nsysu.edu.tw /usr/home/kbc/public_html/070331 IMG_0902_t.jpg
107.03.31 21:09 A c:\bridge\public_html\070331\IMG_0903.html --> par.cse.nsysu.edu.tw /usr/home/kbc/public_html/070331 IMG_0903.html
107.03.31 21:09 B c:\bridge\public_html\070331\IMG_0903.jpg --> par.cse.nsysu.edu.tw /usr/home/kbc/public_html/070331 IMG_0903.jpg
107.03.31 21:09 B c:\bridge\public_html\070331\IMG_0903_t.jpg --> par.cse.nsysu.edu.tw /usr/home/kbc/public_html/070331 IMG_0903_t.jpg
107.03.31 21:09 A c:\bridge\public_html\070331\IMG_0904.html --> par.cse.nsysu.edu.tw /usr/home/kbc/public_html/070331 IMG_0904.html
107.03.31 21:09 B c:\bridge\public_html\070331\IMG_0904.jpg --> par.cse.nsysu.edu.tw /usr/home/kbc/public_html/070331 IMG_0904.jpg
107.03.31 21:09 B c:\bridge\public_html\070331\IMG_0904_t.jpg --> par.cse.nsysu.edu.tw /usr/home/kbc/public_html/070331 IMG_0904_t.jpg
107.03.31 21:09 A c:\bridge\public_html\070331\IMG_0905.html --> par.cse.nsysu.edu.tw /usr/home/kbc/public_html/070331 IMG_0905.html
107.03.31 21:09 B c:\bridge\public_html\070331\IMG_0905.jpg --> par.cse.nsysu.edu.tw /usr/home/kbc/public_html/070331 IMG_0905.jpg
107.03.31 21:09 B c:\bridge\public_html\070331\IMG_0905_t.jpg --> par.cse.nsysu.edu.tw /usr/home/kbc/public_html/070331 IMG_0905_t.jpg
107.03.31 21:09 A c:\bridge\public_html\070331\IMG_0907.html --> par.cse.nsysu.edu.tw /usr/home/kbc/public_html/070331 IMG_0907.html
107.03.31 21:09 B c:\bridge\public_html\070331\IMG_0907.jpg --> par.cse.nsysu.edu.tw /usr/home/kbc/public_html/070331 IMG_0907.jpg
107.03.31 21:09 B c:\bridge\public_html\070331\IMG_0907_t.jpg --> par.cse.nsysu.edu.tw /usr/home/kbc/public_html/070331 IMG_0907_t.jpg
107.03.31 21:09 A c:\bridge\public_html\070331\IMG_0908.html --> par.cse.nsysu.edu.tw /usr/home/kbc/public_html/070331 IMG_0908.html
107.03.31 21:09 B c:\bridge\public_html\070331\IMG_0908.jpg --> par.cse.nsysu.edu.tw /usr/home/kbc/public_html/070331 IMG_0908.jpg
107.03.31 21:09 B c:\bridge\public_html\070331\IMG_0908_t.jpg --> par.cse.nsysu.edu.tw /usr/home/kbc/public_html/070331 IMG_0908_t.jpg
107.03.31 21:09 A c:\bridge\public_html\070331\IMG_0910.html --> par.cse.nsysu.edu.tw /usr/home/kbc/public_html/070331 IMG_0910.html
107.03.31 21:09 B c:\bridge\public_html\070331\IMG_0910.jpg --> par.cse.nsysu.edu.tw /usr/home/kbc/public_html/070331 IMG_0910.jpg
107.03.31 21:09 B c:\bridge\public_html\070331\IMG_0910_t.jpg --> par.cse.nsysu.edu.tw /usr/home/kbc/public_html/070331 IMG_0910_t.jpg
107.03.31 21:09 A c:\bridge\public_html\070331\IMG_0911.html --> par.cse.nsysu.edu.tw /usr/home/kbc/public_html/070331 IMG_0911.html
107.03.31 21:09 B c:\bridge\public_html\070331\IMG_0911.jpg --> par.cse.nsysu.edu.tw /usr/home/kbc/public_html/070331 IMG_0911.jpg
107.03.31 21:09 B c:\bridge\public_html\070331\IMG_0911_t.jpg --> par.cse.nsysu.edu.tw /usr/home/kbc/public_html/070331 IMG_0911_t.jpg
107.03.31 21:09 A c:\bridge\public_html\070331\IMG_0912.html --> par.cse.nsysu.edu.tw /usr/home/kbc/public_html/070331 IMG_0912.html
107.03.31 21:09 B c:\bridge\public_html\070331\IMG_0912.jpg --> par.cse.nsysu.edu.tw /usr/home/kbc/public_html/070331 IMG_0912.jpg
107.03.31 21:09 B c:\bridge\public_html\070331\IMG_0912_t.jpg --> par.cse.nsysu.edu.tw /usr/home/kbc/public_html/070331 IMG_0912_t.jpg
107.03.31 21:09 A c:\bridge\public_html\070331\IMG_0913.html --> par.cse.nsysu.edu.tw /usr/home/kbc/public_html/070331 IMG_0913.html
107.03.31 21:09 B c:\bridge\public_html\070331\IMG_0913.jpg --> par.cse.nsysu.edu.tw /usr/home/kbc/public_html/070331 IMG_0913.jpg
107.03.31 21:09 B c:\bridge\public_html\070331\IMG_0913_t.jpg --> par.cse.nsysu.edu.tw /usr/home/kbc/public_html/070331 IMG_0913_t.jpg
107.03.31 21:09 A c:\bridge\public_html\070331\IMG_0914.html --> par.cse.nsysu.edu.tw /usr/home/kbc/public_html/070331 IMG_0914.html
107.03.31 21:09 B c:\bridge\public_html\070331\IMG_0914.jpg --> par.cse.nsysu.edu.tw /usr/home/kbc/public_html/070331 IMG_0914.jpg
107.03.31 21:09 B c:\bridge\public_html\070331\IMG_0914_t.jpg --> par.cse.nsysu.edu.tw /usr/home/kbc/public_html/070331 IMG_0914_t.jpg
107.03.31 21:09 A c:\bridge\public_html\070331\IMG_0915.html --> par.cse.nsysu.edu.tw /usr/home/kbc/public_html/070331 IMG_0915.html
107.03.31 21:09 B c:\bridge\public_html\070331\IMG_0915.jpg --> par.cse.nsysu.edu.tw /usr/home/kbc/public_html/070331 IMG_0915.jpg
107.03.31 21:09 B c:\bridge\public_html\070331\IMG_0915_t.jpg --> par.cse.nsysu.edu.tw /usr/home/kbc/public_html/070331 IMG_0915_t.jpg
107.03.31 21:09 A c:\bridge\public_html\070331\IMG_0916.html --> par.cse.nsysu.edu.tw /usr/home/kbc/public_html/070331 IMG_0916.html
107.03.31 21:09 B c:\bridge\public_html\070331\IMG_0916.jpg --> par.cse.nsysu.edu.tw /usr/home/kbc/public_html/070331 IMG_0916.jpg
107.03.31 21:09 B c:\bridge\public_html\070331\IMG_0916_t.jpg --> par.cse.nsysu.edu.tw /usr/home/kbc/public_html/070331 IMG_0916_t.jpg
107.03.31 21:09 A c:\bridge\public_html\070331\IMG_0918.html --> par.cse.nsysu.edu.tw /usr/home/kbc/public_html/070331 IMG_0918.html
107.03.31 21:09 B c:\bridge\public_html\070331\IMG_0918.jpg --> par.cse.nsysu.edu.tw /usr/home/kbc/public_html/070331 IMG_0918.jpg
107.03.31 21:09 B c:\bridge\public_html\070331\IMG_0918_t.jpg --> par.cse.nsysu.edu.tw /usr/home/kbc/public_html/070331 IMG_0918_t.jpg
107.03.31 21:09 A c:\bridge\public_html\070331\IMG_0919.html --> par.cse.nsysu.edu.tw /usr/home/kbc/public_html/070331 IMG_0919.html
107.03.31 21:09 B c:\bridge\public_html\070331\IMG_0919.jpg --> par.cse.nsysu.edu.tw /usr/home/kbc/public_html/070331 IMG_0919.jpg
107.03.31 21:09 B c:\bridge\public_html\070331\IMG_0919_t.jpg --> par.cse.nsysu.edu.tw /usr/home/kbc/public_html/070331 IMG_0919_t.jpg
107.03.31 21:09 A c:\bridge\public_html\070331\IMG_0920.html --> par.cse.nsysu.edu.tw /usr/home/kbc/public_html/070331 IMG_0920.html
107.03.31 21:09 B c:\bridge\public_html\070331\IMG_0920.jpg --> par.cse.nsysu.edu.tw /usr/home/kbc/public_html/070331 IMG_0920.jpg
107.03.31 21:09 B c:\bridge\public_html\070331\IMG_0920_t.jpg --> par.cse.nsysu.edu.tw /usr/home/kbc/public_html/070331 IMG_0920_t.jpg
107.03.31 21:09 A c:\bridge\public_html\070331\IMG_0922.html --> par.cse.nsysu.edu.tw /usr/home/kbc/public_html/070331 IMG_0922.html
107.03.31 21:09 B c:\bridge\public_html\070331\IMG_0922.jpg --> par.cse.nsysu.edu.tw /usr/home/kbc/public_html/070331 IMG_0922.jpg
107.03.31 21:09 B c:\bridge\public_html\070331\IMG_0922_t.jpg --> par.cse.nsysu.edu.tw /usr/home/kbc/public_html/070331 IMG_0922_t.jpg
107.03.31 21:09 A c:\bridge\public_html\070331\IMG_0923.html --> par.cse.nsysu.edu.tw /usr/home/kbc/public_html/070331 IMG_0923.html
107.03.31 21:09 B c:\bridge\public_html\070331\IMG_0923.jpg --> par.cse.nsysu.edu.tw /usr/home/kbc/public_html/070331 IMG_0923.jpg
107.03.31 21:09 B c:\bridge\public_html\070331\IMG_0923_t.jpg --> par.cse.nsysu.edu.tw /usr/home/kbc/public_html/070331 IMG_0923_t.jpg
107.03.31 21:09 A c:\bridge\public_html\070331\IMG_0924.html --> par.cse.nsysu.edu.tw /usr/home/kbc/public_html/070331 IMG_0924.html
107.03.31 21:09 B c:\bridge\public_html\070331\IMG_0924.jpg --> par.cse.nsysu.edu.tw /usr/home/kbc/public_html/070331 IMG_0924.jpg
107.03.31 21:09 B c:\bridge\public_html\070331\IMG_0924_t.jpg --> par.cse.nsysu.edu.tw /usr/home/kbc/public_html/070331 IMG_0924_t.jpg
107.03.31 21:09 A c:\bridge\public_html\070331\IMG_0925.html --> par.cse.nsysu.edu.tw /usr/home/kbc/public_html/070331 IMG_0925.html
107.03.31 21:09 B c:\bridge\public_html\070331\IMG_0925.jpg --> par.cse.nsysu.edu.tw /usr/home/kbc/public_html/070331 IMG_0925.jpg
107.03.31 21:09 B c:\bridge\public_html\070331\IMG_0925_t.jpg --> par.cse.nsysu.edu.tw /usr/home/kbc/public_html/070331 IMG_0925_t.jpg
107.03.31 21:09 A c:\bridge\public_html\070331\IMG_0926.html --> par.cse.nsysu.edu.tw /usr/home/kbc/public_html/070331 IMG_0926.html
107.03.31 21:09 B c:\bridge\public_html\070331\IMG_0926.jpg --> par.cse.nsysu.edu.tw /usr/home/kbc/public_html/070331 IMG_0926.jpg
107.03.31 21:09 B c:\bridge\public_html\070331\IMG_0926_t.jpg --> par.cse.nsysu.edu.tw /usr/home/kbc/public_html/070331 IMG_0926_t.jpg
107.03.31 21:09 A c:\bridge\public_html\070331\IMG_0927.html --> par.cse.nsysu.edu.tw /usr/home/kbc/public_html/070331 IMG_0927.html
107.03.31 21:09 B c:\bridge\public_html\070331\IMG_0927.jpg --> par.cse.nsysu.edu.tw /usr/home/kbc/public_html/070331 IMG_0927.jpg
107.03.31 21:09 B c:\bridge\public_html\070331\IMG_0927_t.jpg --> par.cse.nsysu.edu.tw /usr/home/kbc/public_html/070331 IMG_0927_t.jpg
107.03.31 21:09 A c:\bridge\public_html\070331\IMG_0928.html --> par.cse.nsysu.edu.tw /usr/home/kbc/public_html/070331 IMG_0928.html
107.03.31 21:09 B c:\bridge\public_html\070331\IMG_0928.jpg --> par.cse.nsysu.edu.tw /usr/home/kbc/public_html/070331 IMG_0928.jpg
107.03.31 21:09 B c:\bridge\public_html\070331\IMG_0928_t.jpg --> par.cse.nsysu.edu.tw /usr/home/kbc/public_html/070331 IMG_0928_t.jpg
107.03.31 21:09 A c:\bridge\public_html\070331\IMG_0929.html --> par.cse.nsysu.edu.tw /usr/home/kbc/public_html/070331 IMG_0929.html
107.03.31 21:09 B c:\bridge\public_html\070331\IMG_0929.jpg --> par.cse.nsysu.edu.tw /usr/home/kbc/public_html/070331 IMG_0929.jpg
107.03.31 21:09 B c:\bridge\public_html\070331\IMG_0929_t.jpg --> par.cse.nsysu.edu.tw /usr/home/kbc/public_html/070331 IMG_0929_t.jpg
107.03.31 21:09 A c:\bridge\public_html\070331\IMG_0930.html --> par.cse.nsysu.edu.tw /usr/home/kbc/public_html/070331 IMG_0930.html
107.03.31 21:09 B c:\bridge\public_html\070331\IMG_0930.jpg --> par.cse.nsysu.edu.tw /usr/home/kbc/public_html/070331 IMG_0930.jpg
107.03.31 21:09 B c:\bridge\public_html\070331\IMG_0930_t.jpg --> par.cse.nsysu.edu.tw /usr/home/kbc/public_html/070331 IMG_0930_t.jpg
107.03.31 21:09 A c:\bridge\public_html\070331\IMG_0931.html --> par.cse.nsysu.edu.tw /usr/home/kbc/public_html/070331 IMG_0931.html
107.03.31 21:09 B c:\bridge\public_html\070331\IMG_0931.jpg --> par.cse.nsysu.edu.tw /usr/home/kbc/public_html/070331 IMG_0931.jpg
107.03.31 21:09 B c:\bridge\public_html\070331\IMG_0931_t.jpg --> par.cse.nsysu.edu.tw /usr/home/kbc/public_html/070331 IMG_0931_t.jpg
107.03.31 21:09 A c:\bridge\public_html\070331\IMG_0934.html --> par.cse.nsysu.edu.tw /usr/home/kbc/public_html/070331 IMG_0934.html
107.03.31 21:09 B c:\bridge\public_html\070331\IMG_0934.jpg --> par.cse.nsysu.edu.tw /usr/home/kbc/public_html/070331 IMG_0934.jpg
107.03.31 21:09 B c:\bridge\public_html\070331\IMG_0934_t.jpg --> par.cse.nsysu.edu.tw /usr/home/kbc/public_html/070331 IMG_0934_t.jpg
107.03.31 21:09 A c:\bridge\public_html\070331\IMG_0935.html --> par.cse.nsysu.edu.tw /usr/home/kbc/public_html/070331 IMG_0935.html
107.03.31 21:09 B c:\bridge\public_html\070331\IMG_0935.jpg --> par.cse.nsysu.edu.tw /usr/home/kbc/public_html/070331 IMG_0935.jpg
107.03.31 21:09 B c:\bridge\public_html\070331\IMG_0935_t.jpg --> par.cse.nsysu.edu.tw /usr/home/kbc/public_html/070331 IMG_0935_t.jpg
107.03.31 21:09 A c:\bridge\public_html\070331\IMG_0936.html --> par.cse.nsysu.edu.tw /usr/home/kbc/public_html/070331 IMG_0936.html
107.03.31 21:09 B c:\bridge\public_html\070331\IMG_0936.jpg --> par.cse.nsysu.edu.tw /usr/home/kbc/public_html/070331 IMG_0936.jpg
107.03.31 21:09 B c:\bridge\public_html\070331\IMG_0936_t.jpg --> par.cse.nsysu.edu.tw /usr/home/kbc/public_html/070331 IMG_0936_t.jpg
107.03.31 21:09 A c:\bridge\public_html\070331\IMG_0938.html --> par.cse.nsysu.edu.tw /usr/home/kbc/public_html/070331 IMG_0938.html
107.03.31 21:09 B c:\bridge\public_html\070331\IMG_0938.jpg --> par.cse.nsysu.edu.tw /usr/home/kbc/public_html/070331 IMG_0938.jpg
107.03.31 21:09 B c:\bridge\public_html\070331\IMG_0938_t.jpg --> par.cse.nsysu.edu.tw /usr/home/kbc/public_html/070331 IMG_0938_t.jpg
107.03.31 21:09 A c:\bridge\public_html\070331\IMG_0942.html --> par.cse.nsysu.edu.tw /usr/home/kbc/public_html/070331 IMG_0942.html
107.03.31 21:09 B c:\bridge\public_html\070331\IMG_0942.jpg --> par.cse.nsysu.edu.tw /usr/home/kbc/public_html/070331 IMG_0942.jpg
107.03.31 21:09 B c:\bridge\public_html\070331\IMG_0942_t.jpg --> par.cse.nsysu.edu.tw /usr/home/kbc/public_html/070331 IMG_0942_t.jpg
107.03.31 21:09 A c:\bridge\public_html\070331\IMG_0943.html --> par.cse.nsysu.edu.tw /usr/home/kbc/public_html/070331 IMG_0943.html
107.03.31 21:09 B c:\bridge\public_html\070331\IMG_0943.jpg --> par.cse.nsysu.edu.tw /usr/home/kbc/public_html/070331 IMG_0943.jpg
107.03.31 21:09 B c:\bridge\public_html\070331\IMG_0943_t.jpg --> par.cse.nsysu.edu.tw /usr/home/kbc/public_html/070331 IMG_0943_t.jpg
107.03.31 21:09 A c:\bridge\public_html\070331\IMG_0945.html --> par.cse.nsysu.edu.tw /usr/home/kbc/public_html/070331 IMG_0945.html
107.03.31 21:09 B c:\bridge\public_html\070331\IMG_0945.jpg --> par.cse.nsysu.edu.tw /usr/home/kbc/public_html/070331 IMG_0945.jpg
107.03.31 21:09 B c:\bridge\public_html\070331\IMG_0945_t.jpg --> par.cse.nsysu.edu.tw /usr/home/kbc/public_html/070331 IMG_0945_t.jpg
107.03.31 21:09 A c:\bridge\public_html\070331\IMG_0947.html --> par.cse.nsysu.edu.tw /usr/home/kbc/public_html/070331 IMG_0947.html
107.03.31 21:09 B c:\bridge\public_html\070331\IMG_0947.jpg --> par.cse.nsysu.edu.tw /usr/home/kbc/public_html/070331 IMG_0947.jpg
107.03.31 21:09 B c:\bridge\public_html\070331\IMG_0947_t.jpg --> par.cse.nsysu.edu.tw /usr/home/kbc/public_html/070331 IMG_0947_t.jpg
107.03.31 21:09 A c:\bridge\public_html\070331\IMG_0949.html --> par.cse.nsysu.edu.tw /usr/home/kbc/public_html/070331 IMG_0949.html
107.03.31 21:09 B c:\bridge\public_html\070331\IMG_0949.jpg --> par.cse.nsysu.edu.tw /usr/home/kbc/public_html/070331 IMG_0949.jpg
107.03.31 21:09 B c:\bridge\public_html\070331\IMG_0949_t.jpg --> par.cse.nsysu.edu.tw /usr/home/kbc/public_html/070331 IMG_0949_t.jpg
107.03.31 21:09 A c:\bridge\public_html\070331\IMG_0950.html --> par.cse.nsysu.edu.tw /usr/home/kbc/public_html/070331 IMG_0950.html
107.03.31 21:09 B c:\bridge\public_html\070331\IMG_0950.jpg --> par.cse.nsysu.edu.tw /usr/home/kbc/public_html/070331 IMG_0950.jpg
107.03.31 21:09 B c:\bridge\public_html\070331\IMG_0950_t.jpg --> par.cse.nsysu.edu.tw /usr/home/kbc/public_html/070331 IMG_0950_t.jpg
107.03.31 21:09 A c:\bridge\public_html\070331\IMG_0951.html --> par.cse.nsysu.edu.tw /usr/home/kbc/public_html/070331 IMG_0951.html
107.03.31 21:09 B c:\bridge\public_html\070331\IMG_0951.jpg --> par.cse.nsysu.edu.tw /usr/home/kbc/public_html/070331 IMG_0951.jpg
107.03.31 21:09 B c:\bridge\public_html\070331\IMG_0951_t.jpg --> par.cse.nsysu.edu.tw /usr/home/kbc/public_html/070331 IMG_0951_t.jpg
107.03.31 21:09 A c:\bridge\public_html\070331\IMG_0954.html --> par.cse.nsysu.edu.tw /usr/home/kbc/public_html/070331 IMG_0954.html
107.03.31 21:09 B c:\bridge\public_html\070331\IMG_0954.jpg --> par.cse.nsysu.edu.tw /usr/home/kbc/public_html/070331 IMG_0954.jpg
107.03.31 21:09 B c:\bridge\public_html\070331\IMG_0954_t.jpg --> par.cse.nsysu.edu.tw /usr/home/kbc/public_html/070331 IMG_0954_t.jpg
107.03.31 21:09 A c:\bridge\public_html\070331\IMG_0956.html --> par.cse.nsysu.edu.tw /usr/home/kbc/public_html/070331 IMG_0956.html
107.03.31 21:09 B c:\bridge\public_html\070331\IMG_0956.jpg --> par.cse.nsysu.edu.tw /usr/home/kbc/public_html/070331 IMG_0956.jpg
107.03.31 21:09 B c:\bridge\public_html\070331\IMG_0956_t.jpg --> par.cse.nsysu.edu.tw /usr/home/kbc/public_html/070331 IMG_0956_t.jpg
107.03.31 21:09 A c:\bridge\public_html\070331\index.htm --> par.cse.nsysu.edu.tw /usr/home/kbc/public_html/070331 index.htm
