100.08.17 18:05 A g:\bridge\public_html\dummyplay\dummy_index.htm --> par.cse.nsysu.edu.tw /usr/home/kbc/public_html/dummyplay dummy_index.htm
100.08.17 18:05 B g:\bridge\public_html\dummyplay\雙夢家謎.doc --> par.cse.nsysu.edu.tw /usr/home/kbc/public_html/dummyplay 雙夢家謎.doc
100.08.17 18:05 A g:\bridge\public_html\dummyplay\雙夢家謎1.txt --> par.cse.nsysu.edu.tw /usr/home/kbc/public_html/dummyplay 雙夢家謎1.txt
100.08.17 18:05 A g:\bridge\public_html\dummyplay\雙夢家謎2.txt --> par.cse.nsysu.edu.tw /usr/home/kbc/public_html/dummyplay 雙夢家謎2.txt
100.08.17 18:05 A g:\bridge\public_html\dummyplay\雙夢家謎3.txt --> par.cse.nsysu.edu.tw /usr/home/kbc/public_html/dummyplay 雙夢家謎3.txt
100.08.17 18:05 A g:\bridge\public_html\dummyplay\雙夢家謎4.txt --> par.cse.nsysu.edu.tw /usr/home/kbc/public_html/dummyplay 雙夢家謎4.txt
100.08.17 18:05 B g:\bridge\public_html\dummyplay\雙夢家謎打法.doc --> par.cse.nsysu.edu.tw /usr/home/kbc/public_html/dummyplay 雙夢家謎打法.doc
100.08.17 18:05 A g:\bridge\public_html\dummyplay\雙夢家謎打法1.txt --> par.cse.nsysu.edu.tw /usr/home/kbc/public_html/dummyplay 雙夢家謎打法1.txt
100.08.17 18:05 A g:\bridge\public_html\dummyplay\雙夢家謎打法2.txt --> par.cse.nsysu.edu.tw /usr/home/kbc/public_html/dummyplay 雙夢家謎打法2.txt
100.08.17 18:05 A g:\bridge\public_html\dummyplay\雙夢家謎打法3.txt --> par.cse.nsysu.edu.tw /usr/home/kbc/public_html/dummyplay 雙夢家謎打法3.txt
100.08.17 18:05 A g:\bridge\public_html\dummyplay\雙夢家謎打法4.txt --> par.cse.nsysu.edu.tw /usr/home/kbc/public_html/dummyplay 雙夢家謎打法4.txt
100.08.17 18:09 A g:\bridge\public_html\dummyplay\dummy_index.htm --> par.cse.nsysu.edu.tw /usr/home/kbc/public_html/dummyplay dummy_index.htm
100.08.28 12:34 A c:\bridge\public_html\dummyplay\雙夢家謎打法2.txt --> par.cse.nsysu.edu.tw /usr/home/kbc/public_html/dummyplay 雙夢家謎打法2.txt
100.09.14 19:02 B c:\bridge\public_html\dummyplay\雙夢家謎.doc <-- par-kbc /usr/home/kbc/public_html/dummyplay 雙夢家謎.doc
100.09.14 19:02 A c:\bridge\public_html\dummyplay\雙夢家謎1.txt <-- par-kbc /usr/home/kbc/public_html/dummyplay 雙夢家謎1.txt
100.09.14 19:02 A c:\bridge\public_html\dummyplay\雙夢家謎2.txt <-- par-kbc /usr/home/kbc/public_html/dummyplay 雙夢家謎2.txt
100.09.14 19:02 A c:\bridge\public_html\dummyplay\雙夢家謎3.txt <-- par-kbc /usr/home/kbc/public_html/dummyplay 雙夢家謎3.txt
100.09.14 19:02 A c:\bridge\public_html\dummyplay\雙夢家謎4.txt <-- par-kbc /usr/home/kbc/public_html/dummyplay 雙夢家謎4.txt
100.09.14 19:02 A c:\bridge\public_html\dummyplay\雙夢家謎打法1.txt <-- par-kbc /usr/home/kbc/public_html/dummyplay 雙夢家謎打法1.txt
100.09.14 19:02 A c:\bridge\public_html\dummyplay\雙夢家謎打法3.txt <-- par-kbc /usr/home/kbc/public_html/dummyplay 雙夢家謎打法3.txt
100.09.14 19:02 A c:\bridge\public_html\dummyplay\雙夢家謎打法4.txt <-- par-kbc /usr/home/kbc/public_html/dummyplay 雙夢家謎打法4.txt
100.09.14 19:02 A c:\bridge\public_html\dummyplay\dummy_index.htm --> par.cse.nsysu.edu.tw /usr/home/kbc/public_html/dummyplay dummy_index.htm
100.09.14 19:02 B c:\bridge\public_html\dummyplay\ws_ftp.log --> par.cse.nsysu.edu.tw /usr/home/kbc/public_html/dummyplay ws_ftp.log
100.09.14 19:02 A c:\bridge\public_html\dummyplay\雙夢家謎1.txt --> par.cse.nsysu.edu.tw /usr/home/kbc/public_html/dummyplay 雙夢家謎1.txt
100.09.14 19:02 A c:\bridge\public_html\dummyplay\雙夢家謎2.txt --> par.cse.nsysu.edu.tw /usr/home/kbc/public_html/dummyplay 雙夢家謎2.txt
100.09.14 19:02 A c:\bridge\public_html\dummyplay\雙夢家謎3.txt --> par.cse.nsysu.edu.tw /usr/home/kbc/public_html/dummyplay 雙夢家謎3.txt
100.09.14 19:02 A c:\bridge\public_html\dummyplay\雙夢家謎4.txt --> par.cse.nsysu.edu.tw /usr/home/kbc/public_html/dummyplay 雙夢家謎4.txt
100.09.14 19:02 A c:\bridge\public_html\dummyplay\雙夢家謎5.txt --> par.cse.nsysu.edu.tw /usr/home/kbc/public_html/dummyplay 雙夢家謎5.txt
100.09.14 19:02 A c:\bridge\public_html\dummyplay\雙夢家謎6.txt --> par.cse.nsysu.edu.tw /usr/home/kbc/public_html/dummyplay 雙夢家謎6.txt
100.09.14 19:02 A c:\bridge\public_html\dummyplay\雙夢家謎7.txt --> par.cse.nsysu.edu.tw /usr/home/kbc/public_html/dummyplay 雙夢家謎7.txt
100.09.14 19:02 A c:\bridge\public_html\dummyplay\雙夢家謎8.txt --> par.cse.nsysu.edu.tw /usr/home/kbc/public_html/dummyplay 雙夢家謎8.txt
100.09.14 19:02 B c:\bridge\public_html\dummyplay\雙夢家謎打法.doc --> par.cse.nsysu.edu.tw /usr/home/kbc/public_html/dummyplay 雙夢家謎打法.doc
100.09.14 19:02 A c:\bridge\public_html\dummyplay\雙夢家謎打法1.txt --> par.cse.nsysu.edu.tw /usr/home/kbc/public_html/dummyplay 雙夢家謎打法1.txt
100.09.14 19:02 A c:\bridge\public_html\dummyplay\雙夢家謎打法2.txt --> par.cse.nsysu.edu.tw /usr/home/kbc/public_html/dummyplay 雙夢家謎打法2.txt
100.09.14 19:02 A c:\bridge\public_html\dummyplay\雙夢家謎打法3.txt --> par.cse.nsysu.edu.tw /usr/home/kbc/public_html/dummyplay 雙夢家謎打法3.txt
100.09.14 19:02 A c:\bridge\public_html\dummyplay\雙夢家謎打法4.txt --> par.cse.nsysu.edu.tw /usr/home/kbc/public_html/dummyplay 雙夢家謎打法4.txt
100.09.14 19:02 A c:\bridge\public_html\dummyplay\雙夢家謎打法5.txt --> par.cse.nsysu.edu.tw /usr/home/kbc/public_html/dummyplay 雙夢家謎打法5.txt
100.09.14 19:02 A c:\bridge\public_html\dummyplay\雙夢家謎打法6.txt --> par.cse.nsysu.edu.tw /usr/home/kbc/public_html/dummyplay 雙夢家謎打法6.txt
100.09.14 19:02 A c:\bridge\public_html\dummyplay\雙夢家謎打法7.txt --> par.cse.nsysu.edu.tw /usr/home/kbc/public_html/dummyplay 雙夢家謎打法7.txt
100.09.14 19:02 A c:\bridge\public_html\dummyplay\雙夢家謎打法8.txt --> par.cse.nsysu.edu.tw /usr/home/kbc/public_html/dummyplay 雙夢家謎打法8.txt
2000.10.25 17:32 B c:\bridge\public_html\dbl_dummy\dummy_index.htm --> par.cse.nsysu.edu.tw /usr/home/kbc/public_html/dbl_dummy dummy_index.htm
2000.10.25 17:32 B c:\bridge\public_html\dbl_dummy\ws_ftp.log --> par.cse.nsysu.edu.tw /usr/home/kbc/public_html/dbl_dummy ws_ftp.log
2000.10.25 17:32 B c:\bridge\public_html\dbl_dummy\雙夢家謎.doc --> par.cse.nsysu.edu.tw /usr/home/kbc/public_html/dbl_dummy 雙夢家謎.doc
2000.10.25 17:32 B c:\bridge\public_html\dbl_dummy\雙夢家謎1.txt --> par.cse.nsysu.edu.tw /usr/home/kbc/public_html/dbl_dummy 雙夢家謎1.txt
2000.10.25 17:32 B c:\bridge\public_html\dbl_dummy\雙夢家謎10.txt --> par.cse.nsysu.edu.tw /usr/home/kbc/public_html/dbl_dummy 雙夢家謎10.txt
2000.10.25 17:32 B c:\bridge\public_html\dbl_dummy\雙夢家謎11.txt --> par.cse.nsysu.edu.tw /usr/home/kbc/public_html/dbl_dummy 雙夢家謎11.txt
2000.10.25 17:32 B c:\bridge\public_html\dbl_dummy\雙夢家謎12.txt --> par.cse.nsysu.edu.tw /usr/home/kbc/public_html/dbl_dummy 雙夢家謎12.txt
2000.10.25 17:32 B c:\bridge\public_html\dbl_dummy\雙夢家謎13.txt --> par.cse.nsysu.edu.tw /usr/home/kbc/public_html/dbl_dummy 雙夢家謎13.txt
2000.10.25 17:32 B c:\bridge\public_html\dbl_dummy\雙夢家謎14.txt --> par.cse.nsysu.edu.tw /usr/home/kbc/public_html/dbl_dummy 雙夢家謎14.txt
2000.10.25 17:32 B c:\bridge\public_html\dbl_dummy\雙夢家謎15.txt --> par.cse.nsysu.edu.tw /usr/home/kbc/public_html/dbl_dummy 雙夢家謎15.txt
2000.10.25 17:32 B c:\bridge\public_html\dbl_dummy\雙夢家謎16.txt --> par.cse.nsysu.edu.tw /usr/home/kbc/public_html/dbl_dummy 雙夢家謎16.txt
2000.10.25 17:32 B c:\bridge\public_html\dbl_dummy\雙夢家謎2.txt --> par.cse.nsysu.edu.tw /usr/home/kbc/public_html/dbl_dummy 雙夢家謎2.txt
2000.10.25 17:32 B c:\bridge\public_html\dbl_dummy\雙夢家謎3.txt --> par.cse.nsysu.edu.tw /usr/home/kbc/public_html/dbl_dummy 雙夢家謎3.txt
2000.10.25 17:32 B c:\bridge\public_html\dbl_dummy\雙夢家謎4.txt --> par.cse.nsysu.edu.tw /usr/home/kbc/public_html/dbl_dummy 雙夢家謎4.txt
2000.10.25 17:32 B c:\bridge\public_html\dbl_dummy\雙夢家謎5.txt --> par.cse.nsysu.edu.tw /usr/home/kbc/public_html/dbl_dummy 雙夢家謎5.txt
2000.10.25 17:32 B c:\bridge\public_html\dbl_dummy\雙夢家謎6.txt --> par.cse.nsysu.edu.tw /usr/home/kbc/public_html/dbl_dummy 雙夢家謎6.txt
2000.10.25 17:32 B c:\bridge\public_html\dbl_dummy\雙夢家謎7.txt --> par.cse.nsysu.edu.tw /usr/home/kbc/public_html/dbl_dummy 雙夢家謎7.txt
2000.10.25 17:32 B c:\bridge\public_html\dbl_dummy\雙夢家謎8.txt --> par.cse.nsysu.edu.tw /usr/home/kbc/public_html/dbl_dummy 雙夢家謎8.txt
2000.10.25 17:32 B c:\bridge\public_html\dbl_dummy\雙夢家謎9.txt --> par.cse.nsysu.edu.tw /usr/home/kbc/public_html/dbl_dummy 雙夢家謎9.txt
2000.10.25 17:32 B c:\bridge\public_html\dbl_dummy\雙夢家謎打法.doc --> par.cse.nsysu.edu.tw /usr/home/kbc/public_html/dbl_dummy 雙夢家謎打法.doc
2000.10.25 17:32 B c:\bridge\public_html\dbl_dummy\雙夢家謎打法1.txt --> par.cse.nsysu.edu.tw /usr/home/kbc/public_html/dbl_dummy 雙夢家謎打法1.txt
2000.10.25 17:32 B c:\bridge\public_html\dbl_dummy\雙夢家謎打法10.txt --> par.cse.nsysu.edu.tw /usr/home/kbc/public_html/dbl_dummy 雙夢家謎打法10.txt
2000.10.25 17:32 B c:\bridge\public_html\dbl_dummy\雙夢家謎打法11.txt --> par.cse.nsysu.edu.tw /usr/home/kbc/public_html/dbl_dummy 雙夢家謎打法11.txt
2000.10.25 17:32 B c:\bridge\public_html\dbl_dummy\雙夢家謎打法12.txt --> par.cse.nsysu.edu.tw /usr/home/kbc/public_html/dbl_dummy 雙夢家謎打法12.txt
2000.10.25 17:32 B c:\bridge\public_html\dbl_dummy\雙夢家謎打法13.txt --> par.cse.nsysu.edu.tw /usr/home/kbc/public_html/dbl_dummy 雙夢家謎打法13.txt
2000.10.25 17:32 B c:\bridge\public_html\dbl_dummy\雙夢家謎打法14.txt --> par.cse.nsysu.edu.tw /usr/home/kbc/public_html/dbl_dummy 雙夢家謎打法14.txt
2000.10.25 17:32 B c:\bridge\public_html\dbl_dummy\雙夢家謎打法15.txt --> par.cse.nsysu.edu.tw /usr/home/kbc/public_html/dbl_dummy 雙夢家謎打法15.txt
2000.10.25 17:32 B c:\bridge\public_html\dbl_dummy\雙夢家謎打法16.txt --> par.cse.nsysu.edu.tw /usr/home/kbc/public_html/dbl_dummy 雙夢家謎打法16.txt
2000.10.25 17:32 B c:\bridge\public_html\dbl_dummy\雙夢家謎打法2.txt --> par.cse.nsysu.edu.tw /usr/home/kbc/public_html/dbl_dummy 雙夢家謎打法2.txt
2000.10.25 17:32 B c:\bridge\public_html\dbl_dummy\雙夢家謎打法3.txt --> par.cse.nsysu.edu.tw /usr/home/kbc/public_html/dbl_dummy 雙夢家謎打法3.txt
2000.10.25 17:32 B c:\bridge\public_html\dbl_dummy\雙夢家謎打法4.txt --> par.cse.nsysu.edu.tw /usr/home/kbc/public_html/dbl_dummy 雙夢家謎打法4.txt
2000.10.25 17:32 B c:\bridge\public_html\dbl_dummy\雙夢家謎打法5.txt --> par.cse.nsysu.edu.tw /usr/home/kbc/public_html/dbl_dummy 雙夢家謎打法5.txt
2000.10.25 17:32 B c:\bridge\public_html\dbl_dummy\雙夢家謎打法6.txt --> par.cse.nsysu.edu.tw /usr/home/kbc/public_html/dbl_dummy 雙夢家謎打法6.txt
2000.10.25 17:32 B c:\bridge\public_html\dbl_dummy\雙夢家謎打法7.txt --> par.cse.nsysu.edu.tw /usr/home/kbc/public_html/dbl_dummy 雙夢家謎打法7.txt
2000.10.25 17:32 B c:\bridge\public_html\dbl_dummy\雙夢家謎打法8.txt --> par.cse.nsysu.edu.tw /usr/home/kbc/public_html/dbl_dummy 雙夢家謎打法8.txt
2000.10.25 17:32 B c:\bridge\public_html\dbl_dummy\雙夢家謎打法9.txt --> par.cse.nsysu.edu.tw /usr/home/kbc/public_html/dbl_dummy 雙夢家謎打法9.txt
2000.12.06 13:50 B c:\bridge\public_html\dbl_dummy\dummy_index.htm --> par.cse.nsysu.edu.tw /usr/home/kbc/public_html/dbl_dummy dummy_index.htm
2000.12.06 13:50 A c:\bridge\public_html\dbl_dummy\雙夢家謎17.txt --> par.cse.nsysu.edu.tw /usr/home/kbc/public_html/dbl_dummy 雙夢家謎17.txt
2000.12.06 13:50 A c:\bridge\public_html\dbl_dummy\雙夢家謎18.txt --> par.cse.nsysu.edu.tw /usr/home/kbc/public_html/dbl_dummy 雙夢家謎18.txt
2000.12.06 13:50 A c:\bridge\public_html\dbl_dummy\雙夢家謎19.txt --> par.cse.nsysu.edu.tw /usr/home/kbc/public_html/dbl_dummy 雙夢家謎19.txt
2000.12.06 13:50 A c:\bridge\public_html\dbl_dummy\雙夢家謎20.txt --> par.cse.nsysu.edu.tw /usr/home/kbc/public_html/dbl_dummy 雙夢家謎20.txt
2000.12.06 13:50 A c:\bridge\public_html\dbl_dummy\雙夢家謎21.txt --> par.cse.nsysu.edu.tw /usr/home/kbc/public_html/dbl_dummy 雙夢家謎21.txt
2000.12.06 13:50 A c:\bridge\public_html\dbl_dummy\雙夢家謎22.txt --> par.cse.nsysu.edu.tw /usr/home/kbc/public_html/dbl_dummy 雙夢家謎22.txt
2000.12.06 13:50 A c:\bridge\public_html\dbl_dummy\雙夢家謎23.txt --> par.cse.nsysu.edu.tw /usr/home/kbc/public_html/dbl_dummy 雙夢家謎23.txt
2000.12.06 13:50 A c:\bridge\public_html\dbl_dummy\雙夢家謎打法17.txt --> par.cse.nsysu.edu.tw /usr/home/kbc/public_html/dbl_dummy 雙夢家謎打法17.txt
2000.12.06 13:50 A c:\bridge\public_html\dbl_dummy\雙夢家謎打法18.txt --> par.cse.nsysu.edu.tw /usr/home/kbc/public_html/dbl_dummy 雙夢家謎打法18.txt
2000.12.06 13:50 A c:\bridge\public_html\dbl_dummy\雙夢家謎打法19.txt --> par.cse.nsysu.edu.tw /usr/home/kbc/public_html/dbl_dummy 雙夢家謎打法19.txt
2000.12.06 13:50 A c:\bridge\public_html\dbl_dummy\雙夢家謎打法20.txt --> par.cse.nsysu.edu.tw /usr/home/kbc/public_html/dbl_dummy 雙夢家謎打法20.txt
2000.12.06 13:50 A c:\bridge\public_html\dbl_dummy\雙夢家謎打法21.txt --> par.cse.nsysu.edu.tw /usr/home/kbc/public_html/dbl_dummy 雙夢家謎打法21.txt
2000.12.06 13:50 A c:\bridge\public_html\dbl_dummy\雙夢家謎打法22.txt --> par.cse.nsysu.edu.tw /usr/home/kbc/public_html/dbl_dummy 雙夢家謎打法22.txt
2000.12.06 13:50 A c:\bridge\public_html\dbl_dummy\雙夢家謎打法23.txt --> par.cse.nsysu.edu.tw /usr/home/kbc/public_html/dbl_dummy 雙夢家謎打法23.txt
2001.01.15 12:46 B c:\bridge\public_html\dbl_dummy\dummy_index.htm --> par.cse.nsysu.edu.tw /usr/home/kbc/public_html/dbl_dummy dummy_index.htm
2001.03.15 18:25 A c:\bridge\public_html\dbl_dummy\dummy_index.htm --> par.cse.nsysu.edu.tw /usr/home/kbc/public_html/dbl_dummy dummy_index.htm
2001.03.15 18:25 B c:\bridge\public_html\dbl_dummy\雙夢家謎.doc --> par.cse.nsysu.edu.tw /usr/home/kbc/public_html/dbl_dummy 雙夢家謎.doc
2001.03.15 18:25 B c:\bridge\public_html\dbl_dummy\雙夢家謎打法.doc --> par.cse.nsysu.edu.tw /usr/home/kbc/public_html/dbl_dummy 雙夢家謎打法.doc
104.09.01 23:19 A c:\bridge\public_html\dbl_dummy\dummy_index.htm <-- par-kbc /usr/home/kbc/public_html/dbl_dummy dummy_index.htm
